\BOOKMARK [0][-]{chapter.1}{\376\377\0001\000\040\000B\000r\000a\000i\000n\000T\000r\000a\000i\000n\000\040\000K\000u\000r\000z\000a\000n\000l\000e\000i\000t\000u\000n\000g}{}% 1
\BOOKMARK [1][-]{section.1.1}{\376\377\0001\000.\0001\000\040\000S\000z\000e\000n\000e}{chapter.1}% 2
\BOOKMARK [1][-]{section.1.2}{\376\377\0001\000.\0002\000\040\000A\000n\000i\000m\000a\000t\000i\000o\000n\000e\000n}{chapter.1}% 3
\BOOKMARK [1][-]{section.1.3}{\376\377\0001\000.\0003\000\040\000E\000l\000e\000m\000e\000n\000t\000e}{chapter.1}% 4
\BOOKMARK [1][-]{section.1.4}{\376\377\0001\000.\0004\000\040\000S\000z\000e\000n\000e}{chapter.1}% 5
\BOOKMARK [1][-]{section.1.5}{\376\377\0001\000.\0005\000\040\000Q\000u\000e\000l\000l\000e\000n\000v\000e\000r\000z\000e\000i\000c\000h\000n\000i\000s}{chapter.1}% 6
\BOOKMARK [0][-]{chapter.2}{\376\377\0002\000\040\000B\000u\000g\000\040\000L\000i\000s\000t}{}% 7
\BOOKMARK [0][-]{chapter.3}{\376\377\0003\000\040\000N\000a\000m\000e\000s\000p\000a\000c\000e\000\040\000I\000n\000d\000e\000x}{}% 8
\BOOKMARK [1][-]{section.3.1}{\376\377\0003\000.\0001\000\040\000N\000a\000m\000e\000s\000p\000a\000c\000e\000\040\000L\000i\000s\000t}{chapter.3}% 9
\BOOKMARK [0][-]{chapter.4}{\376\377\0004\000\040\000H\000i\000e\000r\000a\000r\000c\000h\000i\000c\000a\000l\000\040\000I\000n\000d\000e\000x}{}% 10
\BOOKMARK [1][-]{section.4.1}{\376\377\0004\000.\0001\000\040\000C\000l\000a\000s\000s\000\040\000H\000i\000e\000r\000a\000r\000c\000h\000y}{chapter.4}% 11
\BOOKMARK [0][-]{chapter.5}{\376\377\0005\000\040\000C\000l\000a\000s\000s\000\040\000I\000n\000d\000e\000x}{}% 12
\BOOKMARK [1][-]{section.5.1}{\376\377\0005\000.\0001\000\040\000C\000l\000a\000s\000s\000\040\000L\000i\000s\000t}{chapter.5}% 13
\BOOKMARK [0][-]{chapter.6}{\376\377\0006\000\040\000F\000i\000l\000e\000\040\000I\000n\000d\000e\000x}{}% 14
\BOOKMARK [1][-]{section.6.1}{\376\377\0006\000.\0001\000\040\000F\000i\000l\000e\000\040\000L\000i\000s\000t}{chapter.6}% 15
\BOOKMARK [0][-]{chapter.7}{\376\377\0007\000\040\000N\000a\000m\000e\000s\000p\000a\000c\000e\000\040\000D\000o\000c\000u\000m\000e\000n\000t\000a\000t\000i\000o\000n}{}% 16
\BOOKMARK [1][-]{section.7.1}{\376\377\0007\000.\0001\000\040\000b\000r\000t\000r\000\040\000N\000a\000m\000e\000s\000p\000a\000c\000e\000\040\000R\000e\000f\000e\000r\000e\000n\000c\000e}{chapter.7}% 17
\BOOKMARK [2][-]{subsection.7.1.1}{\376\377\0007\000.\0001\000.\0001\000\040\000D\000e\000t\000a\000i\000l\000e\000d\000\040\000D\000e\000s\000c\000r\000i\000p\000t\000i\000o\000n}{section.7.1}% 18
\BOOKMARK [2][-]{subsection.7.1.2}{\376\377\0007\000.\0001\000.\0002\000\040\000F\000u\000n\000c\000t\000i\000o\000n\000\040\000D\000o\000c\000u\000m\000e\000n\000t\000a\000t\000i\000o\000n}{section.7.1}% 19
\BOOKMARK [3][-]{subsubsection.7.1.2.1}{\376\377\0007\000.\0001\000.\0002\000.\0001\000\040\000c\000r\000e\000a\000t\000e\000B\000e\000e\000r\000B\000o\000t\000t\000l\000e}{subsection.7.1.2}% 20
\BOOKMARK [3][-]{subsubsection.7.1.2.2}{\376\377\0007\000.\0001\000.\0002\000.\0002\000\040\000c\000r\000e\000a\000t\000e\000B\000o\000d\000y\000O\000f\000R\000o\000t\000a\000t\000i\000o\000n}{subsection.7.1.2}% 21
\BOOKMARK [3][-]{subsubsection.7.1.2.3}{\376\377\0007\000.\0001\000.\0002\000.\0003\000\040\000c\000r\000e\000a\000t\000e\000B\000u\000d}{subsection.7.1.2}% 22
\BOOKMARK [3][-]{subsubsection.7.1.2.4}{\376\377\0007\000.\0001\000.\0002\000.\0004\000\040\000c\000r\000e\000a\000t\000e\000C\000h\000e\000s\000s\000F\000i\000g\000u\000r\000e}{subsection.7.1.2}% 23
\BOOKMARK [3][-]{subsubsection.7.1.2.5}{\376\377\0007\000.\0001\000.\0002\000.\0005\000\040\000c\000r\000e\000a\000t\000e\000C\000r\000o\000s\000s\000h\000a\000i\000r}{subsection.7.1.2}% 24
\BOOKMARK [3][-]{subsubsection.7.1.2.6}{\376\377\0007\000.\0001\000.\0002\000.\0006\000\040\000c\000r\000e\000a\000t\000e\000C\000u\000b\000o\000i\000d}{subsection.7.1.2}% 25
\BOOKMARK [3][-]{subsubsection.7.1.2.7}{\376\377\0007\000.\0001\000.\0002\000.\0007\000\040\000c\000r\000e\000a\000t\000e\000H\000U\000D\000C\000a\000m\000e\000r\000a}{subsection.7.1.2}% 26
\BOOKMARK [3][-]{subsubsection.7.1.2.8}{\376\377\0007\000.\0001\000.\0002\000.\0008\000\040\000c\000r\000e\000a\000t\000e\000L\000i\000g\000h\000t}{subsection.7.1.2}% 27
\BOOKMARK [3][-]{subsubsection.7.1.2.9}{\376\377\0007\000.\0001\000.\0002\000.\0009\000\040\000c\000r\000e\000a\000t\000e\000L\000i\000g\000h\000t}{subsection.7.1.2}% 28
\BOOKMARK [3][-]{subsubsection.7.1.2.10}{\376\377\0007\000.\0001\000.\0002\000.\0001\0000\000\040\000c\000r\000e\000a\000t\000e\000R\000e\000a\000l\000B\000o\000t\000t\000l\000e}{subsection.7.1.2}% 29
\BOOKMARK [3][-]{subsubsection.7.1.2.11}{\376\377\0007\000.\0001\000.\0002\000.\0001\0001\000\040\000c\000r\000e\000a\000t\000e\000R\000e\000c\000t\000a\000n\000g\000l\000e}{subsection.7.1.2}% 30
\BOOKMARK [3][-]{subsubsection.7.1.2.12}{\376\377\0007\000.\0001\000.\0002\000.\0001\0002\000\040\000c\000r\000e\000a\000t\000e\000R\000e\000c\000t\000a\000n\000g\000l\000e\000W\000i\000t\000h\000T\000e\000x\000c\000o\000o\000r\000d\000s}{subsection.7.1.2}% 31
\BOOKMARK [3][-]{subsubsection.7.1.2.13}{\376\377\0007\000.\0001\000.\0002\000.\0001\0003\000\040\000c\000r\000e\000a\000t\000e\000R\000e\000n\000d\000e\000r\000i\000n\000g\000P\000i\000p\000e\000l\000i\000n\000e}{subsection.7.1.2}% 32
\BOOKMARK [3][-]{subsubsection.7.1.2.14}{\376\377\0007\000.\0001\000.\0002\000.\0001\0004\000\040\000c\000r\000e\000a\000t\000e\000R\000e\000n\000d\000e\000r\000i\000n\000g\000P\000i\000p\000e\000l\000i\000n\000e}{subsection.7.1.2}% 33
\BOOKMARK [3][-]{subsubsection.7.1.2.15}{\376\377\0007\000.\0001\000.\0002\000.\0001\0005\000\040\000c\000r\000e\000a\000t\000e\000R\000T\000T\000C\000a\000m\000e\000r\000a}{subsection.7.1.2}% 34
\BOOKMARK [3][-]{subsubsection.7.1.2.16}{\376\377\0007\000.\0001\000.\0002\000.\0001\0006\000\040\000c\000r\000e\000a\000t\000e\000S\000c\000r\000e\000e\000n\000Q\000u\000a\000d}{subsection.7.1.2}% 35
\BOOKMARK [3][-]{subsubsection.7.1.2.17}{\376\377\0007\000.\0001\000.\0002\000.\0001\0007\000\040\000c\000r\000e\000a\000t\000e\000S\000i\000m\000p\000l\000e\000M\000a\000t\000e\000r\000i\000a\000l}{subsection.7.1.2}% 36
\BOOKMARK [3][-]{subsubsection.7.1.2.18}{\376\377\0007\000.\0001\000.\0002\000.\0001\0008\000\040\000c\000r\000e\000a\000t\000e\000S\000t\000a\000l\000k}{subsection.7.1.2}% 37
\BOOKMARK [3][-]{subsubsection.7.1.2.19}{\376\377\0007\000.\0001\000.\0002\000.\0001\0009\000\040\000c\000r\000e\000a\000t\000e\000T\000e\000x\000t}{subsection.7.1.2}% 38
\BOOKMARK [3][-]{subsubsection.7.1.2.20}{\376\377\0007\000.\0001\000.\0002\000.\0002\0000\000\040\000c\000r\000e\000a\000t\000e\000T\000o\000o\000n\000T\000e\000x}{subsection.7.1.2}% 39
\BOOKMARK [3][-]{subsubsection.7.1.2.21}{\376\377\0007\000.\0001\000.\0002\000.\0002\0001\000\040\000c\000r\000e\000a\000t\000e\000V\000a\000s\000e}{subsection.7.1.2}% 40
\BOOKMARK [3][-]{subsubsection.7.1.2.22}{\376\377\0007\000.\0001\000.\0002\000.\0002\0002\000\040\000c\000r\000e\000a\000t\000e\000V\000a\000s\000e\000W\000i\000t\000h\000F\000l\000o\000w\000e\000r}{subsection.7.1.2}% 41
\BOOKMARK [3][-]{subsubsection.7.1.2.23}{\376\377\0007\000.\0001\000.\0002\000.\0002\0003\000\040\000g\000e\000t\000D\000i\000m\000e\000n\000s\000i\000o\000n\000O\000f\000N\000o\000d\000e}{subsection.7.1.2}% 42
\BOOKMARK [3][-]{subsubsection.7.1.2.24}{\376\377\0007\000.\0001\000.\0002\000.\0002\0004\000\040\000g\000e\000t\000D\000i\000m\000e\000n\000s\000i\000o\000n\000O\000f\000N\000o\000d\000e}{subsection.7.1.2}% 43
\BOOKMARK [3][-]{subsubsection.7.1.2.25}{\376\377\0007\000.\0001\000.\0002\000.\0002\0005\000\040\000w\000r\000a\000p\000I\000n\000P\000o\000s\000i\000t\000i\000o\000n\000A\000t\000t\000i\000t\000u\000d\000e\000T\000r\000a\000n\000s\000f\000o\000r\000m}{subsection.7.1.2}% 44
\BOOKMARK [2][-]{subsection.7.1.3}{\376\377\0007\000.\0001\000.\0003\000\040\000V\000a\000r\000i\000a\000b\000l\000e\000\040\000D\000o\000c\000u\000m\000e\000n\000t\000a\000t\000i\000o\000n}{section.7.1}% 45
\BOOKMARK [3][-]{subsubsection.7.1.3.1}{\376\377\0007\000.\0001\000.\0003\000.\0001\000\040\000c\000o\000l\000l\000i\000s\000i\000o\000n\000M\000a\000s\000k}{subsection.7.1.3}% 46
\BOOKMARK [3][-]{subsubsection.7.1.3.2}{\376\377\0007\000.\0001\000.\0003\000.\0002\000\040\000f\000a\000k\000e\000W\000a\000l\000l\000M\000a\000s\000k}{subsection.7.1.3}% 47
\BOOKMARK [3][-]{subsubsection.7.1.3.3}{\376\377\0007\000.\0001\000.\0003\000.\0003\000\040\000i\000n\000t\000e\000r\000a\000c\000t\000i\000o\000n\000A\000n\000d\000C\000o\000l\000l\000i\000s\000i\000o\000n\000M\000a\000s\000k}{subsection.7.1.3}% 48
\BOOKMARK [3][-]{subsubsection.7.1.3.4}{\376\377\0007\000.\0001\000.\0003\000.\0004\000\040\000i\000n\000t\000e\000r\000a\000c\000t\000i\000o\000n\000M\000a\000s\000k}{subsection.7.1.3}% 49
\BOOKMARK [0][-]{chapter.8}{\376\377\0008\000\040\000C\000l\000a\000s\000s\000\040\000D\000o\000c\000u\000m\000e\000n\000t\000a\000t\000i\000o\000n}{}% 50
\BOOKMARK [1][-]{section.8.1}{\376\377\0008\000.\0001\000\040\000b\000r\000t\000r\000:\000:\000A\000d\000d\000I\000n\000t\000e\000r\000a\000c\000t\000i\000o\000n\000C\000a\000l\000l\000b\000a\000c\000k\000T\000o\000D\000r\000a\000w\000a\000b\000l\000e\000V\000i\000s\000i\000t\000o\000r\000\040\000C\000l\000a\000s\000s\000\040\000R\000e\000f\000e\000r\000e\000n\000c\000e}{chapter.8}% 51
\BOOKMARK [2][-]{subsection.8.1.1}{\376\377\0008\000.\0001\000.\0001\000\040\000D\000e\000t\000a\000i\000l\000e\000d\000\040\000D\000e\000s\000c\000r\000i\000p\000t\000i\000o\000n}{section.8.1}% 52
\BOOKMARK [2][-]{subsection.8.1.2}{\376\377\0008\000.\0001\000.\0002\000\040\000C\000o\000n\000s\000t\000r\000u\000c\000t\000o\000r\000\040\000\046\000\040\000D\000e\000s\000t\000r\000u\000c\000t\000o\000r\000\040\000D\000o\000c\000u\000m\000e\000n\000t\000a\000t\000i\000o\000n}{section.8.1}% 53
\BOOKMARK [3][-]{subsubsection.8.1.2.1}{\376\377\0008\000.\0001\000.\0002\000.\0001\000\040\000A\000d\000d\000I\000n\000t\000e\000r\000a\000c\000t\000i\000o\000n\000C\000a\000l\000l\000b\000a\000c\000k\000T\000o\000D\000r\000a\000w\000a\000b\000l\000e\000V\000i\000s\000i\000t\000o\000r}{subsection.8.1.2}% 54
\BOOKMARK [2][-]{subsection.8.1.3}{\376\377\0008\000.\0001\000.\0003\000\040\000M\000e\000m\000b\000e\000r\000\040\000F\000u\000n\000c\000t\000i\000o\000n\000\040\000D\000o\000c\000u\000m\000e\000n\000t\000a\000t\000i\000o\000n}{section.8.1}% 55
\BOOKMARK [3][-]{subsubsection.8.1.3.1}{\376\377\0008\000.\0001\000.\0003\000.\0001\000\040\000a\000p\000p\000l\000y}{subsection.8.1.3}% 56
\BOOKMARK [2][-]{subsection.8.1.4}{\376\377\0008\000.\0001\000.\0004\000\040\000M\000e\000m\000b\000e\000r\000\040\000D\000a\000t\000a\000\040\000D\000o\000c\000u\000m\000e\000n\000t\000a\000t\000i\000o\000n}{section.8.1}% 57
\BOOKMARK [3][-]{subsubsection.8.1.4.1}{\376\377\0008\000.\0001\000.\0004\000.\0001\000\040\000\137\000c\000o\000n\000t\000a\000i\000n\000e\000r\000T\000o\000A\000d\000d}{subsection.8.1.4}% 58
\BOOKMARK [1][-]{section.8.2}{\376\377\0008\000.\0002\000\040\000b\000r\000t\000r\000:\000:\000A\000d\000d\000P\000o\000r\000t\000a\000l\000G\000u\000n\000I\000n\000t\000e\000r\000a\000c\000t\000i\000o\000n\000C\000a\000l\000l\000b\000a\000c\000k\000\040\000C\000l\000a\000s\000s\000\040\000R\000e\000f\000e\000r\000e\000n\000c\000e}{chapter.8}% 59
\BOOKMARK [2][-]{subsection.8.2.1}{\376\377\0008\000.\0002\000.\0001\000\040\000D\000e\000t\000a\000i\000l\000e\000d\000\040\000D\000e\000s\000c\000r\000i\000p\000t\000i\000o\000n}{section.8.2}% 60
\BOOKMARK [2][-]{subsection.8.2.2}{\376\377\0008\000.\0002\000.\0002\000\040\000C\000o\000n\000s\000t\000r\000u\000c\000t\000o\000r\000\040\000\046\000\040\000D\000e\000s\000t\000r\000u\000c\000t\000o\000r\000\040\000D\000o\000c\000u\000m\000e\000n\000t\000a\000t\000i\000o\000n}{section.8.2}% 61
\BOOKMARK [3][-]{subsubsection.8.2.2.1}{\376\377\0008\000.\0002\000.\0002\000.\0001\000\040\000A\000d\000d\000P\000o\000r\000t\000a\000l\000G\000u\000n\000I\000n\000t\000e\000r\000a\000c\000t\000i\000o\000n\000C\000a\000l\000l\000b\000a\000c\000k}{subsection.8.2.2}% 62
\BOOKMARK [2][-]{subsection.8.2.3}{\376\377\0008\000.\0002\000.\0003\000\040\000M\000e\000m\000b\000e\000r\000\040\000F\000u\000n\000c\000t\000i\000o\000n\000\040\000D\000o\000c\000u\000m\000e\000n\000t\000a\000t\000i\000o\000n}{section.8.2}% 63
\BOOKMARK [3][-]{subsubsection.8.2.3.1}{\376\377\0008\000.\0002\000.\0003\000.\0001\000\040\000i\000n\000t\000e\000r\000a\000c\000t}{subsection.8.2.3}% 64
\BOOKMARK [3][-]{subsubsection.8.2.3.2}{\376\377\0008\000.\0002\000.\0003\000.\0002\000\040\000s\000e\000t\000T\000e\000x\000t}{subsection.8.2.3}% 65
\BOOKMARK [2][-]{subsection.8.2.4}{\376\377\0008\000.\0002\000.\0004\000\040\000M\000e\000m\000b\000e\000r\000\040\000D\000a\000t\000a\000\040\000D\000o\000c\000u\000m\000e\000n\000t\000a\000t\000i\000o\000n}{section.8.2}% 66
\BOOKMARK [3][-]{subsubsection.8.2.4.1}{\376\377\0008\000.\0002\000.\0004\000.\0001\000\040\000\137\000s\000w\000i\000t\000c\000h\000e\000r}{subsection.8.2.4}% 67
\BOOKMARK [1][-]{section.8.3}{\376\377\0008\000.\0003\000\040\000A\000n\000i\000m\000a\000t\000i\000o\000n\000C\000r\000e\000a\000t\000o\000r\000\040\000C\000l\000a\000s\000s\000\040\000R\000e\000f\000e\000r\000e\000n\000c\000e}{chapter.8}% 68
\BOOKMARK [2][-]{subsection.8.3.1}{\376\377\0008\000.\0003\000.\0001\000\040\000D\000e\000t\000a\000i\000l\000e\000d\000\040\000D\000e\000s\000c\000r\000i\000p\000t\000i\000o\000n}{section.8.3}% 69
\BOOKMARK [2][-]{subsection.8.3.2}{\376\377\0008\000.\0003\000.\0002\000\040\000M\000e\000m\000b\000e\000r\000\040\000F\000u\000n\000c\000t\000i\000o\000n\000\040\000D\000o\000c\000u\000m\000e\000n\000t\000a\000t\000i\000o\000n}{section.8.3}% 70
\BOOKMARK [3][-]{subsubsection.8.3.2.1}{\376\377\0008\000.\0003\000.\0002\000.\0001\000\040\000c\000r\000e\000a\000t\000e\000A\000n\000i\000m\000a\000t\000i\000o\000n\000P\000a\000t\000h}{subsection.8.3.2}% 71
\BOOKMARK [3][-]{subsubsection.8.3.2.2}{\376\377\0008\000.\0003\000.\0002\000.\0002\000\040\000g\000e\000t\000A\000n\000g\000l\000e\000R\000a\000d}{subsection.8.3.2}% 72
\BOOKMARK [1][-]{section.8.4}{\376\377\0008\000.\0004\000\040\000b\000r\000t\000r\000:\000:\000B\000a\000s\000e\000I\000n\000t\000e\000r\000a\000c\000t\000i\000o\000n\000C\000a\000l\000l\000b\000a\000c\000k\000\040\000C\000l\000a\000s\000s\000\040\000R\000e\000f\000e\000r\000e\000n\000c\000e}{chapter.8}% 73
\BOOKMARK [2][-]{subsection.8.4.1}{\376\377\0008\000.\0004\000.\0001\000\040\000D\000e\000t\000a\000i\000l\000e\000d\000\040\000D\000e\000s\000c\000r\000i\000p\000t\000i\000o\000n}{section.8.4}% 74
\BOOKMARK [2][-]{subsection.8.4.2}{\376\377\0008\000.\0004\000.\0002\000\040\000C\000o\000n\000s\000t\000r\000u\000c\000t\000o\000r\000\040\000\046\000\040\000D\000e\000s\000t\000r\000u\000c\000t\000o\000r\000\040\000D\000o\000c\000u\000m\000e\000n\000t\000a\000t\000i\000o\000n}{section.8.4}% 75
\BOOKMARK [3][-]{subsubsection.8.4.2.1}{\376\377\0008\000.\0004\000.\0002\000.\0001\000\040\000B\000a\000s\000e\000I\000n\000t\000e\000r\000a\000c\000t\000i\000o\000n\000C\000a\000l\000l\000b\000a\000c\000k}{subsection.8.4.2}% 76
\BOOKMARK [2][-]{subsection.8.4.3}{\376\377\0008\000.\0004\000.\0003\000\040\000M\000e\000m\000b\000e\000r\000\040\000F\000u\000n\000c\000t\000i\000o\000n\000\040\000D\000o\000c\000u\000m\000e\000n\000t\000a\000t\000i\000o\000n}{section.8.4}% 77
\BOOKMARK [3][-]{subsubsection.8.4.3.1}{\376\377\0008\000.\0004\000.\0003\000.\0001\000\040\000c\000l\000e\000a\000r\000T\000e\000x\000t}{subsection.8.4.3}% 78
\BOOKMARK [3][-]{subsubsection.8.4.3.2}{\376\377\0008\000.\0004\000.\0003\000.\0002\000\040\000g\000e\000t\000N\000o\000d\000e}{subsection.8.4.3}% 79
\BOOKMARK [3][-]{subsubsection.8.4.3.3}{\376\377\0008\000.\0004\000.\0003\000.\0003\000\040\000i\000n\000t\000e\000r\000a\000c\000t}{subsection.8.4.3}% 80
\BOOKMARK [3][-]{subsubsection.8.4.3.4}{\376\377\0008\000.\0004\000.\0003\000.\0004\000\040\000o\000p\000e\000r\000a\000t\000o\000r\000\050\000\051}{subsection.8.4.3}% 81
\BOOKMARK [3][-]{subsubsection.8.4.3.5}{\376\377\0008\000.\0004\000.\0003\000.\0005\000\040\000r\000e\000a\000c\000t\000i\000v\000a\000t\000e}{subsection.8.4.3}% 82
\BOOKMARK [3][-]{subsubsection.8.4.3.6}{\376\377\0008\000.\0004\000.\0003\000.\0006\000\040\000s\000e\000t\000N\000o\000d\000e}{subsection.8.4.3}% 83
\BOOKMARK [3][-]{subsubsection.8.4.3.7}{\376\377\0008\000.\0004\000.\0003\000.\0007\000\040\000s\000e\000t\000T\000e\000x\000t}{subsection.8.4.3}% 84
\BOOKMARK [2][-]{subsection.8.4.4}{\376\377\0008\000.\0004\000.\0004\000\040\000M\000e\000m\000b\000e\000r\000\040\000D\000a\000t\000a\000\040\000D\000o\000c\000u\000m\000e\000n\000t\000a\000t\000i\000o\000n}{section.8.4}% 85
\BOOKMARK [3][-]{subsubsection.8.4.4.1}{\376\377\0008\000.\0004\000.\0004\000.\0001\000\040\000\137\000a\000t\000t\000a\000c\000h\000T\000o}{subsection.8.4.4}% 86
\BOOKMARK [3][-]{subsubsection.8.4.4.2}{\376\377\0008\000.\0004\000.\0004\000.\0002\000\040\000\137\000d\000o\000n\000e}{subsection.8.4.4}% 87
\BOOKMARK [3][-]{subsubsection.8.4.4.3}{\376\377\0008\000.\0004\000.\0004\000.\0003\000\040\000\137\000h\000u\000d\000C\000a\000m}{subsection.8.4.4}% 88
\BOOKMARK [3][-]{subsubsection.8.4.4.4}{\376\377\0008\000.\0004\000.\0004\000.\0004\000\040\000\137\000t\000e\000x\000t}{subsection.8.4.4}% 89
\BOOKMARK [1][-]{section.8.5}{\376\377\0008\000.\0005\000\040\000b\000r\000t\000r\000:\000:\000B\000e\000n\000c\000h\000\040\000C\000l\000a\000s\000s\000\040\000R\000e\000f\000e\000r\000e\000n\000c\000e}{chapter.8}% 90
\BOOKMARK [2][-]{subsection.8.5.1}{\376\377\0008\000.\0005\000.\0001\000\040\000D\000e\000t\000a\000i\000l\000e\000d\000\040\000D\000e\000s\000c\000r\000i\000p\000t\000i\000o\000n}{section.8.5}% 91
\BOOKMARK [2][-]{subsection.8.5.2}{\376\377\0008\000.\0005\000.\0002\000\040\000C\000o\000n\000s\000t\000r\000u\000c\000t\000o\000r\000\040\000\046\000\040\000D\000e\000s\000t\000r\000u\000c\000t\000o\000r\000\040\000D\000o\000c\000u\000m\000e\000n\000t\000a\000t\000i\000o\000n}{section.8.5}% 92
\BOOKMARK [3][-]{subsubsection.8.5.2.1}{\376\377\0008\000.\0005\000.\0002\000.\0001\000\040\000B\000e\000n\000c\000h}{subsection.8.5.2}% 93
\BOOKMARK [3][-]{subsubsection.8.5.2.2}{\376\377\0008\000.\0005\000.\0002\000.\0002\000\040\000B\000e\000n\000c\000h}{subsection.8.5.2}% 94
\BOOKMARK [3][-]{subsubsection.8.5.2.3}{\376\377\0008\000.\0005\000.\0002\000.\0003\000\040\000B\000e\000n\000c\000h}{subsection.8.5.2}% 95
\BOOKMARK [2][-]{subsection.8.5.3}{\376\377\0008\000.\0005\000.\0003\000\040\000M\000e\000m\000b\000e\000r\000\040\000F\000u\000n\000c\000t\000i\000o\000n\000\040\000D\000o\000c\000u\000m\000e\000n\000t\000a\000t\000i\000o\000n}{section.8.5}% 96
\BOOKMARK [3][-]{subsubsection.8.5.3.1}{\376\377\0008\000.\0005\000.\0003\000.\0001\000\040\000c\000r\000e\000a\000t\000e\000A\000r\000m\000r\000e\000s\000t}{subsection.8.5.3}% 97
\BOOKMARK [3][-]{subsubsection.8.5.3.2}{\376\377\0008\000.\0005\000.\0003\000.\0002\000\040\000c\000r\000e\000a\000t\000e\000A\000r\000m\000r\000e\000s\000t\000S\000i\000d\000e\000s\000F\000r\000o\000n\000t\000B\000a\000c\000k}{subsection.8.5.3}% 98
\BOOKMARK [3][-]{subsubsection.8.5.3.3}{\376\377\0008\000.\0005\000.\0003\000.\0003\000\040\000c\000r\000e\000a\000t\000e\000A\000r\000m\000r\000e\000s\000t\000S\000i\000d\000e\000s\000L\000e\000f\000t\000R\000i\000g\000h\000t}{subsection.8.5.3}% 99
\BOOKMARK [3][-]{subsubsection.8.5.3.4}{\376\377\0008\000.\0005\000.\0003\000.\0004\000\040\000c\000r\000e\000a\000t\000e\000B\000a\000r}{subsection.8.5.3}% 100
\BOOKMARK [3][-]{subsubsection.8.5.3.5}{\376\377\0008\000.\0005\000.\0003\000.\0005\000\040\000c\000r\000e\000a\000t\000e\000I\000r\000o\000n\000M\000a\000t\000e\000r\000i\000a\000l}{subsection.8.5.3}% 101
\BOOKMARK [3][-]{subsubsection.8.5.3.6}{\376\377\0008\000.\0005\000.\0003\000.\0006\000\040\000c\000r\000e\000a\000t\000e\000L\000e\000g}{subsection.8.5.3}% 102
\BOOKMARK [3][-]{subsubsection.8.5.3.7}{\376\377\0008\000.\0005\000.\0003\000.\0007\000\040\000c\000r\000e\000a\000t\000e\000S\000e\000a\000t}{subsection.8.5.3}% 103
\BOOKMARK [3][-]{subsubsection.8.5.3.8}{\376\377\0008\000.\0005\000.\0003\000.\0008\000\040\000c\000r\000e\000a\000t\000e\000W\000o\000o\000d\000M\000a\000t\000e\000r\000i\000a\000l}{subsection.8.5.3}% 104
\BOOKMARK [3][-]{subsubsection.8.5.3.9}{\376\377\0008\000.\0005\000.\0003\000.\0009\000\040\000g\000e\000t\000H\000i\000t\000b\000o\000x}{subsection.8.5.3}% 105
\BOOKMARK [3][-]{subsubsection.8.5.3.10}{\376\377\0008\000.\0005\000.\0003\000.\0001\0000\000\040\000g\000e\000t\000P\000r\000i\000m\000i\000t\000i\000v\000e\000S\000e\000t\000f\000o\000r\000A\000R\000e\000c\000t\000a\000n\000g\000l\000e}{subsection.8.5.3}% 106
\BOOKMARK [3][-]{subsubsection.8.5.3.11}{\376\377\0008\000.\0005\000.\0003\000.\0001\0001\000\040\000i\000n\000i\000t\000B\000e\000n\000c\000h}{subsection.8.5.3}% 107
\BOOKMARK [2][-]{subsection.8.5.4}{\376\377\0008\000.\0005\000.\0004\000\040\000M\000e\000m\000b\000e\000r\000\040\000D\000a\000t\000a\000\040\000D\000o\000c\000u\000m\000e\000n\000t\000a\000t\000i\000o\000n}{section.8.5}% 108
\BOOKMARK [3][-]{subsubsection.8.5.4.1}{\376\377\0008\000.\0005\000.\0004\000.\0001\000\040\000b\000e\000n\000c\000h}{subsection.8.5.4}% 109
\BOOKMARK [3][-]{subsubsection.8.5.4.2}{\376\377\0008\000.\0005\000.\0004\000.\0002\000\040\000c\000e\000n\000t\000e\000r}{subsection.8.5.4}% 110
\BOOKMARK [3][-]{subsubsection.8.5.4.3}{\376\377\0008\000.\0005\000.\0004\000.\0003\000\040\000l\000e\000n\000g\000t\000h}{subsection.8.5.4}% 111
\BOOKMARK [1][-]{section.8.6}{\376\377\0008\000.\0006\000\040\000b\000r\000t\000r\000:\000:\000B\000o\000d\000y\000O\000f\000R\000o\000t\000a\000t\000i\000o\000n\000F\000u\000n\000c\000t\000i\000o\000n\000\040\000S\000t\000r\000u\000c\000t\000\040\000R\000e\000f\000e\000r\000e\000n\000c\000e}{chapter.8}% 112
\BOOKMARK [2][-]{subsection.8.6.1}{\376\377\0008\000.\0006\000.\0001\000\040\000D\000e\000t\000a\000i\000l\000e\000d\000\040\000D\000e\000s\000c\000r\000i\000p\000t\000i\000o\000n}{section.8.6}% 113
\BOOKMARK [2][-]{subsection.8.6.2}{\376\377\0008\000.\0006\000.\0002\000\040\000M\000e\000m\000b\000e\000r\000\040\000F\000u\000n\000c\000t\000i\000o\000n\000\040\000D\000o\000c\000u\000m\000e\000n\000t\000a\000t\000i\000o\000n}{section.8.6}% 114
\BOOKMARK [3][-]{subsubsection.8.6.2.1}{\376\377\0008\000.\0006\000.\0002\000.\0001\000\040\000d\000e\000r\000i\000v\000a\000t\000i\000o\000n}{subsection.8.6.2}% 115
\BOOKMARK [2][-]{subsection.8.6.3}{\376\377\0008\000.\0006\000.\0003\000\040\000M\000e\000m\000b\000e\000r\000\040\000D\000a\000t\000a\000\040\000D\000o\000c\000u\000m\000e\000n\000t\000a\000t\000i\000o\000n}{section.8.6}% 116
\BOOKMARK [3][-]{subsubsection.8.6.3.1}{\376\377\0008\000.\0006\000.\0003\000.\0001\000\040\000e\000n\000d}{subsection.8.6.3}% 117
\BOOKMARK [3][-]{subsubsection.8.6.3.2}{\376\377\0008\000.\0006\000.\0003\000.\0002\000\040\000f\000u\000n\000c}{subsection.8.6.3}% 118
\BOOKMARK [3][-]{subsubsection.8.6.3.3}{\376\377\0008\000.\0006\000.\0003\000.\0003\000\040\000n\000e\000x\000t\000F\000u\000n\000c}{subsection.8.6.3}% 119
\BOOKMARK [1][-]{section.8.7}{\376\377\0008\000.\0007\000\040\000b\000r\000t\000r\000:\000:\000C\000e\000l\000S\000h\000a\000d\000i\000n\000g\000\040\000C\000l\000a\000s\000s\000\040\000R\000e\000f\000e\000r\000e\000n\000c\000e}{chapter.8}% 120
\BOOKMARK [2][-]{subsection.8.7.1}{\376\377\0008\000.\0007\000.\0001\000\040\000D\000e\000t\000a\000i\000l\000e\000d\000\040\000D\000e\000s\000c\000r\000i\000p\000t\000i\000o\000n}{section.8.7}% 121
\BOOKMARK [2][-]{subsection.8.7.2}{\376\377\0008\000.\0007\000.\0002\000\040\000C\000o\000n\000s\000t\000r\000u\000c\000t\000o\000r\000\040\000\046\000\040\000D\000e\000s\000t\000r\000u\000c\000t\000o\000r\000\040\000D\000o\000c\000u\000m\000e\000n\000t\000a\000t\000i\000o\000n}{section.8.7}% 122
\BOOKMARK [3][-]{subsubsection.8.7.2.1}{\376\377\0008\000.\0007\000.\0002\000.\0001\000\040\000C\000e\000l\000S\000h\000a\000d\000i\000n\000g}{subsection.8.7.2}% 123
\BOOKMARK [3][-]{subsubsection.8.7.2.2}{\376\377\0008\000.\0007\000.\0002\000.\0002\000\040\000C\000e\000l\000S\000h\000a\000d\000i\000n\000g}{subsection.8.7.2}% 124
\BOOKMARK [3][-]{subsubsection.8.7.2.3}{\376\377\0008\000.\0007\000.\0002\000.\0003\000\040\000C\000e\000l\000S\000h\000a\000d\000i\000n\000g}{subsection.8.7.2}% 125
\BOOKMARK [2][-]{subsection.8.7.3}{\376\377\0008\000.\0007\000.\0003\000\040\000M\000e\000m\000b\000e\000r\000\040\000F\000u\000n\000c\000t\000i\000o\000n\000\040\000D\000o\000c\000u\000m\000e\000n\000t\000a\000t\000i\000o\000n}{section.8.7}% 126
\BOOKMARK [3][-]{subsubsection.8.7.3.1}{\376\377\0008\000.\0007\000.\0003\000.\0001\000\040\000d\000e\000f\000i\000n\000e\000\137\000t\000e\000c\000h\000n\000i\000q\000u\000e\000s}{subsection.8.7.3}% 127
\BOOKMARK [3][-]{subsubsection.8.7.3.2}{\376\377\0008\000.\0007\000.\0003\000.\0002\000\040\000M\000E\000T\000A\000\137\000E\000f\000f\000e\000c\000t}{subsection.8.7.3}% 128
\BOOKMARK [2][-]{subsection.8.7.4}{\376\377\0008\000.\0007\000.\0004\000\040\000M\000e\000m\000b\000e\000r\000\040\000D\000a\000t\000a\000\040\000D\000o\000c\000u\000m\000e\000n\000t\000a\000t\000i\000o\000n}{section.8.7}% 129
\BOOKMARK [3][-]{subsubsection.8.7.4.1}{\376\377\0008\000.\0007\000.\0004\000.\0001\000\040\000\137\000l\000i\000n\000e\000W\000i\000d\000t\000h}{subsection.8.7.4}% 130
\BOOKMARK [3][-]{subsubsection.8.7.4.2}{\376\377\0008\000.\0007\000.\0004\000.\0002\000\040\000\137\000m\000a\000t\000e\000r\000i\000a\000l}{subsection.8.7.4}% 131
\BOOKMARK [3][-]{subsubsection.8.7.4.3}{\376\377\0008\000.\0007\000.\0004\000.\0003\000\040\000\137\000s\000e\000c\000o\000n\000d\000P\000a\000s\000s}{subsection.8.7.4}% 132
\BOOKMARK [3][-]{subsubsection.8.7.4.4}{\376\377\0008\000.\0007\000.\0004\000.\0004\000\040\000\137\000v\000e\000r\000t\000S\000o\000u\000r\000c\000e}{subsection.8.7.4}% 133
\BOOKMARK [1][-]{section.8.8}{\376\377\0008\000.\0008\000\040\000b\000r\000t\000r\000:\000:\000C\000e\000l\000S\000h\000a\000d\000i\000n\000g\000T\000e\000c\000h\000n\000i\000q\000u\000e\000\040\000C\000l\000a\000s\000s\000\040\000R\000e\000f\000e\000r\000e\000n\000c\000e}{chapter.8}% 134
\BOOKMARK [2][-]{subsection.8.8.1}{\376\377\0008\000.\0008\000.\0001\000\040\000D\000e\000t\000a\000i\000l\000e\000d\000\040\000D\000e\000s\000c\000r\000i\000p\000t\000i\000o\000n}{section.8.8}% 135
\BOOKMARK [2][-]{subsection.8.8.2}{\376\377\0008\000.\0008\000.\0002\000\040\000C\000o\000n\000s\000t\000r\000u\000c\000t\000o\000r\000\040\000\046\000\040\000D\000e\000s\000t\000r\000u\000c\000t\000o\000r\000\040\000D\000o\000c\000u\000m\000e\000n\000t\000a\000t\000i\000o\000n}{section.8.8}% 136
\BOOKMARK [3][-]{subsubsection.8.8.2.1}{\376\377\0008\000.\0008\000.\0002\000.\0001\000\040\000C\000e\000l\000S\000h\000a\000d\000i\000n\000g\000T\000e\000c\000h\000n\000i\000q\000u\000e}{subsection.8.8.2}% 137
\BOOKMARK [2][-]{subsection.8.8.3}{\376\377\0008\000.\0008\000.\0003\000\040\000M\000e\000m\000b\000e\000r\000\040\000F\000u\000n\000c\000t\000i\000o\000n\000\040\000D\000o\000c\000u\000m\000e\000n\000t\000a\000t\000i\000o\000n}{section.8.8}% 138
\BOOKMARK [3][-]{subsubsection.8.8.3.1}{\376\377\0008\000.\0008\000.\0003\000.\0001\000\040\000d\000e\000f\000i\000n\000e\000\137\000p\000a\000s\000s\000e\000s}{subsection.8.8.3}% 139
\BOOKMARK [2][-]{subsection.8.8.4}{\376\377\0008\000.\0008\000.\0004\000\040\000M\000e\000m\000b\000e\000r\000\040\000D\000a\000t\000a\000\040\000D\000o\000c\000u\000m\000e\000n\000t\000a\000t\000i\000o\000n}{section.8.8}% 140
\BOOKMARK [3][-]{subsubsection.8.8.4.1}{\376\377\0008\000.\0008\000.\0004\000.\0001\000\040\000\137\000l\000i\000n\000e\000W\000i\000d\000t\000h}{subsection.8.8.4}% 141
\BOOKMARK [3][-]{subsubsection.8.8.4.2}{\376\377\0008\000.\0008\000.\0004\000.\0002\000\040\000\137\000m\000a\000t\000e\000r\000i\000a\000l}{subsection.8.8.4}% 142
\BOOKMARK [3][-]{subsubsection.8.8.4.3}{\376\377\0008\000.\0008\000.\0004\000.\0003\000\040\000\137\000s\000e\000c\000o\000n\000d\000P\000a\000s\000s}{subsection.8.8.4}% 143
\BOOKMARK [3][-]{subsubsection.8.8.4.4}{\376\377\0008\000.\0008\000.\0004\000.\0004\000\040\000\137\000t\000o\000o\000n\000T\000e\000x}{subsection.8.8.4}% 144
\BOOKMARK [3][-]{subsubsection.8.8.4.5}{\376\377\0008\000.\0008\000.\0004\000.\0005\000\040\000\137\000v\000e\000r\000t\000S\000o\000u\000r\000c\000e}{subsection.8.8.4}% 145
\BOOKMARK [1][-]{section.8.9}{\376\377\0008\000.\0009\000\040\000b\000r\000t\000r\000:\000:\000C\000o\000n\000t\000r\000o\000l\000R\000o\000o\000m\000\040\000C\000l\000a\000s\000s\000\040\000R\000e\000f\000e\000r\000e\000n\000c\000e}{chapter.8}% 146
\BOOKMARK [2][-]{subsection.8.9.1}{\376\377\0008\000.\0009\000.\0001\000\040\000D\000e\000t\000a\000i\000l\000e\000d\000\040\000D\000e\000s\000c\000r\000i\000p\000t\000i\000o\000n}{section.8.9}% 147
\BOOKMARK [2][-]{subsection.8.9.2}{\376\377\0008\000.\0009\000.\0002\000\040\000C\000o\000n\000s\000t\000r\000u\000c\000t\000o\000r\000\040\000\046\000\040\000D\000e\000s\000t\000r\000u\000c\000t\000o\000r\000\040\000D\000o\000c\000u\000m\000e\000n\000t\000a\000t\000i\000o\000n}{section.8.9}% 148
\BOOKMARK [3][-]{subsubsection.8.9.2.1}{\376\377\0008\000.\0009\000.\0002\000.\0001\000\040\000C\000o\000n\000t\000r\000o\000l\000R\000o\000o\000m}{subsection.8.9.2}% 149
\BOOKMARK [3][-]{subsubsection.8.9.2.2}{\376\377\0008\000.\0009\000.\0002\000.\0002\000\040\000C\000o\000n\000t\000r\000o\000l\000R\000o\000o\000m}{subsection.8.9.2}% 150
\BOOKMARK [2][-]{subsection.8.9.3}{\376\377\0008\000.\0009\000.\0003\000\040\000M\000e\000m\000b\000e\000r\000\040\000F\000u\000n\000c\000t\000i\000o\000n\000\040\000D\000o\000c\000u\000m\000e\000n\000t\000a\000t\000i\000o\000n}{section.8.9}% 151
\BOOKMARK [3][-]{subsubsection.8.9.3.1}{\376\377\0008\000.\0009\000.\0003\000.\0001\000\040\000c\000r\000e\000a\000t\000e\000C\000h\000e\000s\000s\000F\000i\000g\000u\000r\000e\000s}{subsection.8.9.3}% 152
\BOOKMARK [3][-]{subsubsection.8.9.3.2}{\376\377\0008\000.\0009\000.\0003\000.\0002\000\040\000c\000r\000e\000a\000t\000e\000M\000a\000t\000e\000r\000i\000a\000l}{subsection.8.9.3}% 153
\BOOKMARK [3][-]{subsubsection.8.9.3.3}{\376\377\0008\000.\0009\000.\0003\000.\0003\000\040\000c\000r\000e\000a\000t\000e\000R\000o\000o\000m\000S\000u\000r\000r\000o\000u\000n\000d\000i\000n\000g}{subsection.8.9.3}% 154
\BOOKMARK [1][-]{section.8.10}{\376\377\0008\000.\0001\0000\000\040\000b\000r\000t\000r\000:\000:\000D\000r\000u\000n\000k\000e\000n\000I\000n\000t\000e\000r\000a\000c\000t\000i\000o\000n\000C\000a\000l\000l\000b\000a\000c\000k\000\040\000C\000l\000a\000s\000s\000\040\000R\000e\000f\000e\000r\000e\000n\000c\000e}{chapter.8}% 155
\BOOKMARK [2][-]{subsection.8.10.1}{\376\377\0008\000.\0001\0000\000.\0001\000\040\000D\000e\000t\000a\000i\000l\000e\000d\000\040\000D\000e\000s\000c\000r\000i\000p\000t\000i\000o\000n}{section.8.10}% 156
\BOOKMARK [2][-]{subsection.8.10.2}{\376\377\0008\000.\0001\0000\000.\0002\000\040\000C\000o\000n\000s\000t\000r\000u\000c\000t\000o\000r\000\040\000\046\000\040\000D\000e\000s\000t\000r\000u\000c\000t\000o\000r\000\040\000D\000o\000c\000u\000m\000e\000n\000t\000a\000t\000i\000o\000n}{section.8.10}% 157
\BOOKMARK [3][-]{subsubsection.8.10.2.1}{\376\377\0008\000.\0001\0000\000.\0002\000.\0001\000\040\000D\000r\000u\000n\000k\000e\000n\000I\000n\000t\000e\000r\000a\000c\000t\000i\000o\000n\000C\000a\000l\000l\000b\000a\000c\000k}{subsection.8.10.2}% 158
\BOOKMARK [2][-]{subsection.8.10.3}{\376\377\0008\000.\0001\0000\000.\0003\000\040\000M\000e\000m\000b\000e\000r\000\040\000F\000u\000n\000c\000t\000i\000o\000n\000\040\000D\000o\000c\000u\000m\000e\000n\000t\000a\000t\000i\000o\000n}{section.8.10}% 159
\BOOKMARK [3][-]{subsubsection.8.10.3.1}{\376\377\0008\000.\0001\0000\000.\0003\000.\0001\000\040\000i\000n\000t\000e\000r\000a\000c\000t}{subsection.8.10.3}% 160
\BOOKMARK [3][-]{subsubsection.8.10.3.2}{\376\377\0008\000.\0001\0000\000.\0003\000.\0002\000\040\000s\000e\000t\000T\000e\000x\000t}{subsection.8.10.3}% 161
\BOOKMARK [2][-]{subsection.8.10.4}{\376\377\0008\000.\0001\0000\000.\0004\000\040\000M\000e\000m\000b\000e\000r\000\040\000D\000a\000t\000a\000\040\000D\000o\000c\000u\000m\000e\000n\000t\000a\000t\000i\000o\000n}{section.8.10}% 162
\BOOKMARK [3][-]{subsubsection.8.10.4.1}{\376\377\0008\000.\0001\0000\000.\0004\000.\0001\000\040\000\137\000b\000a\000c\000k\000w\000a\000r\000d\000s}{subsection.8.10.4}% 163
\BOOKMARK [3][-]{subsubsection.8.10.4.2}{\376\377\0008\000.\0001\0000\000.\0004\000.\0002\000\040\000\137\000g\000e\000o\000m\000e\000t\000r\000y\000S\000w\000i\000t\000c\000h}{subsection.8.10.4}% 164
\BOOKMARK [3][-]{subsubsection.8.10.4.3}{\376\377\0008\000.\0001\0000\000.\0004\000.\0003\000\040\000\137\000m\000o\000t\000i\000o\000n}{subsection.8.10.4}% 165
\BOOKMARK [3][-]{subsubsection.8.10.4.4}{\376\377\0008\000.\0001\0000\000.\0004\000.\0004\000\040\000\137\000s\000t\000a\000r\000t\000T\000i\000m\000e}{subsection.8.10.4}% 166
\BOOKMARK [1][-]{section.8.11}{\376\377\0008\000.\0001\0001\000\040\000b\000r\000t\000r\000:\000:\000F\000P\000S\000C\000a\000m\000e\000r\000a\000M\000a\000n\000i\000p\000u\000l\000a\000t\000o\000r\000\040\000C\000l\000a\000s\000s\000\040\000R\000e\000f\000e\000r\000e\000n\000c\000e}{chapter.8}% 167
\BOOKMARK [2][-]{subsection.8.11.1}{\376\377\0008\000.\0001\0001\000.\0001\000\040\000D\000e\000t\000a\000i\000l\000e\000d\000\040\000D\000e\000s\000c\000r\000i\000p\000t\000i\000o\000n}{section.8.11}% 168
\BOOKMARK [2][-]{subsection.8.11.2}{\376\377\0008\000.\0001\0001\000.\0002\000\040\000C\000o\000n\000s\000t\000r\000u\000c\000t\000o\000r\000\040\000\046\000\040\000D\000e\000s\000t\000r\000u\000c\000t\000o\000r\000\040\000D\000o\000c\000u\000m\000e\000n\000t\000a\000t\000i\000o\000n}{section.8.11}% 169
\BOOKMARK [3][-]{subsubsection.8.11.2.1}{\376\377\0008\000.\0001\0001\000.\0002\000.\0001\000\040\000F\000P\000S\000C\000a\000m\000e\000r\000a\000M\000a\000n\000i\000p\000u\000l\000a\000t\000o\000r}{subsection.8.11.2}% 170
\BOOKMARK [3][-]{subsubsection.8.11.2.2}{\376\377\0008\000.\0001\0001\000.\0002\000.\0002\000\040\000F\000P\000S\000C\000a\000m\000e\000r\000a\000M\000a\000n\000i\000p\000u\000l\000a\000t\000o\000r}{subsection.8.11.2}% 171
\BOOKMARK [2][-]{subsection.8.11.3}{\376\377\0008\000.\0001\0001\000.\0003\000\040\000M\000e\000m\000b\000e\000r\000\040\000F\000u\000n\000c\000t\000i\000o\000n\000\040\000D\000o\000c\000u\000m\000e\000n\000t\000a\000t\000i\000o\000n}{section.8.11}% 172
\BOOKMARK [3][-]{subsubsection.8.11.3.1}{\376\377\0008\000.\0001\0001\000.\0003\000.\0001\000\040\000g\000e\000t\000J\000u\000m\000p\000H\000e\000i\000g\000h\000t}{subsection.8.11.3}% 173
\BOOKMARK [3][-]{subsubsection.8.11.3.2}{\376\377\0008\000.\0001\0001\000.\0003\000.\0002\000\040\000g\000e\000t\000M\000o\000v\000e\000m\000e\000n\000t\000S\000p\000e\000e\000d}{subsection.8.11.3}% 174
\BOOKMARK [3][-]{subsubsection.8.11.3.3}{\376\377\0008\000.\0001\0001\000.\0003\000.\0003\000\040\000g\000e\000t\000Z\000H\000e\000i\000g\000h\000t}{subsection.8.11.3}% 175
\BOOKMARK [3][-]{subsubsection.8.11.3.4}{\376\377\0008\000.\0001\0001\000.\0003\000.\0004\000\040\000g\000r\000o\000u\000n\000d\000I\000n\000t\000e\000r\000s\000e\000c\000t\000i\000o\000n}{subsection.8.11.3}% 176
\BOOKMARK [3][-]{subsubsection.8.11.3.5}{\376\377\0008\000.\0001\0001\000.\0003\000.\0005\000\040\000h\000a\000n\000d\000l\000e\000F\000r\000a\000m\000e}{subsection.8.11.3}% 177
\BOOKMARK [3][-]{subsubsection.8.11.3.6}{\376\377\0008\000.\0001\0001\000.\0003\000.\0006\000\040\000h\000a\000n\000d\000l\000e\000K\000e\000y\000D\000o\000w\000n}{subsection.8.11.3}% 178
\BOOKMARK [3][-]{subsubsection.8.11.3.7}{\376\377\0008\000.\0001\0001\000.\0003\000.\0007\000\040\000h\000a\000n\000d\000l\000e\000K\000e\000y\000U\000p}{subsection.8.11.3}% 179
\BOOKMARK [3][-]{subsubsection.8.11.3.8}{\376\377\0008\000.\0001\0001\000.\0003\000.\0008\000\040\000h\000a\000n\000d\000l\000e\000M\000o\000u\000s\000e\000M\000o\000v\000e}{subsection.8.11.3}% 180
\BOOKMARK [3][-]{subsubsection.8.11.3.9}{\376\377\0008\000.\0001\0001\000.\0003\000.\0009\000\040\000h\000a\000n\000d\000l\000e\000M\000o\000u\000s\000e\000W\000h\000e\000e\000l}{subsection.8.11.3}% 181
\BOOKMARK [3][-]{subsubsection.8.11.3.10}{\376\377\0008\000.\0001\0001\000.\0003\000.\0001\0000\000\040\000i\000n\000t\000e\000r\000s\000e\000c\000t}{subsection.8.11.3}% 182
\BOOKMARK [3][-]{subsubsection.8.11.3.11}{\376\377\0008\000.\0001\0001\000.\0003\000.\0001\0001\000\040\000p\000e\000r\000f\000o\000r\000m\000E\000y\000e\000M\000o\000v\000e\000m\000e\000n\000t}{subsection.8.11.3}% 183
\BOOKMARK [3][-]{subsubsection.8.11.3.12}{\376\377\0008\000.\0001\0001\000.\0003\000.\0001\0002\000\040\000p\000e\000r\000f\000o\000r\000m\000M\000o\000v\000e\000m\000e\000n\000t}{subsection.8.11.3}% 184
\BOOKMARK [3][-]{subsubsection.8.11.3.13}{\376\377\0008\000.\0001\0001\000.\0003\000.\0001\0003\000\040\000p\000e\000r\000f\000o\000r\000m\000M\000o\000v\000e\000m\000e\000n\000t\000L\000e\000f\000t\000M\000o\000u\000s\000e\000B\000u\000t\000t\000o\000n}{subsection.8.11.3}% 185
\BOOKMARK [3][-]{subsubsection.8.11.3.14}{\376\377\0008\000.\0001\0001\000.\0003\000.\0001\0004\000\040\000s\000e\000t\000J\000u\000m\000p\000H\000e\000i\000g\000h\000t}{subsection.8.11.3}% 186
\BOOKMARK [3][-]{subsubsection.8.11.3.15}{\376\377\0008\000.\0001\0001\000.\0003\000.\0001\0005\000\040\000s\000e\000t\000M\000o\000v\000e\000m\000e\000n\000t\000S\000p\000e\000e\000d}{subsection.8.11.3}% 187
\BOOKMARK [3][-]{subsubsection.8.11.3.16}{\376\377\0008\000.\0001\0001\000.\0003\000.\0001\0006\000\040\000s\000e\000t\000Z\000H\000e\000i\000g\000h\000t}{subsection.8.11.3}% 188
\BOOKMARK [2][-]{subsection.8.11.4}{\376\377\0008\000.\0001\0001\000.\0004\000\040\000M\000e\000m\000b\000e\000r\000\040\000D\000a\000t\000a\000\040\000D\000o\000c\000u\000m\000e\000n\000t\000a\000t\000i\000o\000n}{section.8.11}% 189
\BOOKMARK [3][-]{subsubsection.8.11.4.1}{\376\377\0008\000.\0001\0001\000.\0004\000.\0001\000\040\000\137\000a\000t\000t\000a\000c\000h\000B\000o\000d\000y}{subsection.8.11.4}% 190
\BOOKMARK [3][-]{subsubsection.8.11.4.2}{\376\377\0008\000.\0001\0001\000.\0004\000.\0002\000\040\000\137\000b\000a\000c\000k\000w\000a\000r\000d\000M\000o\000v\000e\000m\000e\000n\000t}{subsection.8.11.4}% 191
\BOOKMARK [3][-]{subsubsection.8.11.4.3}{\376\377\0008\000.\0001\0001\000.\0004\000.\0003\000\040\000\137\000b\000o\000d\000y}{subsection.8.11.4}% 192
\BOOKMARK [3][-]{subsubsection.8.11.4.4}{\376\377\0008\000.\0001\0001\000.\0004\000.\0004\000\040\000\137\000b\000o\000d\000y\000L\000e\000n\000g\000t\000h}{subsection.8.11.4}% 193
\BOOKMARK [3][-]{subsubsection.8.11.4.5}{\376\377\0008\000.\0001\0001\000.\0004\000.\0005\000\040\000\137\000c\000r\000o\000u\000c\000h}{subsection.8.11.4}% 194
\BOOKMARK [3][-]{subsubsection.8.11.4.6}{\376\377\0008\000.\0001\0001\000.\0004\000.\0006\000\040\000\137\000c\000t\000r\000l}{subsection.8.11.4}% 195
\BOOKMARK [3][-]{subsubsection.8.11.4.7}{\376\377\0008\000.\0001\0001\000.\0004\000.\0007\000\040\000\137\000d\000o\000w\000n\000M\000o\000v\000e\000m\000e\000n\000t}{subsection.8.11.4}% 196
\BOOKMARK [3][-]{subsubsection.8.11.4.8}{\376\377\0008\000.\0001\0001\000.\0004\000.\0008\000\040\000\137\000f\000l\000i\000g\000h\000t\000M\000o\000d\000e}{subsection.8.11.4}% 197
\BOOKMARK [3][-]{subsubsection.8.11.4.9}{\376\377\0008\000.\0001\0001\000.\0004\000.\0009\000\040\000\137\000f\000o\000r\000w\000a\000r\000d\000M\000o\000v\000e\000m\000e\000n\000t}{subsection.8.11.4}% 198
\BOOKMARK [3][-]{subsubsection.8.11.4.10}{\376\377\0008\000.\0001\0001\000.\0004\000.\0001\0000\000\040\000\137\000f\000r\000a\000m\000e\000F\000a\000c\000t\000o\000r}{subsection.8.11.4}% 199
\BOOKMARK [3][-]{subsubsection.8.11.4.11}{\376\377\0008\000.\0001\0001\000.\0004\000.\0001\0001\000\040\000\137\000i\000n\000t\000e\000n\000s\000i\000t\000y}{subsection.8.11.4}% 200
\BOOKMARK [3][-]{subsubsection.8.11.4.12}{\376\377\0008\000.\0001\0001\000.\0004\000.\0001\0002\000\040\000\137\000j\000u\000m\000p\000H\000e\000i\000g\000h\000t}{subsection.8.11.4}% 201
\BOOKMARK [3][-]{subsubsection.8.11.4.13}{\376\377\0008\000.\0001\0001\000.\0004\000.\0001\0003\000\040\000\137\000j\000u\000m\000p\000i\000n\000g\000D\000o\000w\000n}{subsection.8.11.4}% 202
\BOOKMARK [3][-]{subsubsection.8.11.4.14}{\376\377\0008\000.\0001\0001\000.\0004\000.\0001\0004\000\040\000\137\000j\000u\000m\000p\000i\000n\000g\000U\000p}{subsection.8.11.4}% 203
\BOOKMARK [3][-]{subsubsection.8.11.4.15}{\376\377\0008\000.\0001\0001\000.\0004\000.\0001\0005\000\040\000\137\000l\000e\000f\000t\000M\000o\000v\000e\000m\000e\000n\000t}{subsection.8.11.4}% 204
\BOOKMARK [3][-]{subsubsection.8.11.4.16}{\376\377\0008\000.\0001\0001\000.\0004\000.\0001\0006\000\040\000\137\000m\000a\000x\000F\000a\000l\000l\000H\000e\000i\000g\000h\000t}{subsection.8.11.4}% 205
\BOOKMARK [3][-]{subsubsection.8.11.4.17}{\376\377\0008\000.\0001\0001\000.\0004\000.\0001\0007\000\040\000\137\000m\000o\000v\000e\000m\000e\000n\000t\000S\000p\000e\000e\000d}{subsection.8.11.4}% 206
\BOOKMARK [3][-]{subsubsection.8.11.4.18}{\376\377\0008\000.\0001\0001\000.\0004\000.\0001\0008\000\040\000\137\000r\000i\000g\000h\000t\000M\000o\000v\000e\000m\000e\000n\000t}{subsection.8.11.4}% 207
\BOOKMARK [3][-]{subsubsection.8.11.4.19}{\376\377\0008\000.\0001\0001\000.\0004\000.\0001\0009\000\040\000\137\000s\000a\000v\000e\000d\000z\000H\000e\000i\000g\000h\000t}{subsection.8.11.4}% 208
\BOOKMARK [3][-]{subsubsection.8.11.4.20}{\376\377\0008\000.\0001\0001\000.\0004\000.\0002\0000\000\040\000\137\000s\000a\000v\000e\000d\000z\000H\000e\000i\000g\000h\000t\000C\000r\000o\000u\000c\000h}{subsection.8.11.4}% 209
\BOOKMARK [3][-]{subsubsection.8.11.4.21}{\376\377\0008\000.\0001\0001\000.\0004\000.\0002\0001\000\040\000\137\000s\000h\000i\000f\000t}{subsection.8.11.4}% 210
\BOOKMARK [3][-]{subsubsection.8.11.4.22}{\376\377\0008\000.\0001\0001\000.\0004\000.\0002\0002\000\040\000\137\000u\000p\000M\000o\000v\000e\000m\000e\000n\000t}{subsection.8.11.4}% 211
\BOOKMARK [3][-]{subsubsection.8.11.4.23}{\376\377\0008\000.\0001\0001\000.\0004\000.\0002\0003\000\040\000\137\000z\000H\000e\000i\000g\000h\000t}{subsection.8.11.4}% 212
\BOOKMARK [1][-]{section.8.12}{\376\377\0008\000.\0001\0002\000\040\000b\000r\000t\000r\000:\000:\000G\000e\000o\000m\000e\000t\000r\000y\000P\000l\000a\000c\000e\000r\000V\000i\000s\000i\000t\000o\000r\000\040\000C\000l\000a\000s\000s\000\040\000R\000e\000f\000e\000r\000e\000n\000c\000e}{chapter.8}% 213
\BOOKMARK [2][-]{subsection.8.12.1}{\376\377\0008\000.\0001\0002\000.\0001\000\040\000D\000e\000t\000a\000i\000l\000e\000d\000\040\000D\000e\000s\000c\000r\000i\000p\000t\000i\000o\000n}{section.8.12}% 214
\BOOKMARK [2][-]{subsection.8.12.2}{\376\377\0008\000.\0001\0002\000.\0002\000\040\000C\000o\000n\000s\000t\000r\000u\000c\000t\000o\000r\000\040\000\046\000\040\000D\000e\000s\000t\000r\000u\000c\000t\000o\000r\000\040\000D\000o\000c\000u\000m\000e\000n\000t\000a\000t\000i\000o\000n}{section.8.12}% 215
\BOOKMARK [3][-]{subsubsection.8.12.2.1}{\376\377\0008\000.\0001\0002\000.\0002\000.\0001\000\040\000G\000e\000o\000m\000e\000t\000r\000y\000P\000l\000a\000c\000e\000r\000V\000i\000s\000i\000t\000o\000r}{subsection.8.12.2}% 216
\BOOKMARK [2][-]{subsection.8.12.3}{\376\377\0008\000.\0001\0002\000.\0003\000\040\000M\000e\000m\000b\000e\000r\000\040\000F\000u\000n\000c\000t\000i\000o\000n\000\040\000D\000o\000c\000u\000m\000e\000n\000t\000a\000t\000i\000o\000n}{section.8.12}% 217
\BOOKMARK [3][-]{subsubsection.8.12.3.1}{\376\377\0008\000.\0001\0002\000.\0003\000.\0001\000\040\000a\000p\000p\000l\000y}{subsection.8.12.3}% 218
\BOOKMARK [3][-]{subsubsection.8.12.3.2}{\376\377\0008\000.\0001\0002\000.\0003\000.\0002\000\040\000g\000e\000t\000G\000e\000o\000m\000e\000t\000r\000y\000T\000o\000P\000l\000a\000c\000e}{subsection.8.12.3}% 219
\BOOKMARK [3][-]{subsubsection.8.12.3.3}{\376\377\0008\000.\0001\0002\000.\0003\000.\0003\000\040\000s\000e\000t\000G\000e\000o\000m\000e\000t\000r\000y\000T\000o\000P\000l\000a\000c\000e}{subsection.8.12.3}% 220
\BOOKMARK [2][-]{subsection.8.12.4}{\376\377\0008\000.\0001\0002\000.\0004\000\040\000M\000e\000m\000b\000e\000r\000\040\000D\000a\000t\000a\000\040\000D\000o\000c\000u\000m\000e\000n\000t\000a\000t\000i\000o\000n}{section.8.12}% 221
\BOOKMARK [3][-]{subsubsection.8.12.4.1}{\376\377\0008\000.\0001\0002\000.\0004\000.\0001\000\040\000\137\000g\000e\000o\000m\000e\000t\000r\000y\000T\000o\000P\000l\000a\000c\000e}{subsection.8.12.4}% 222
\BOOKMARK [1][-]{section.8.13}{\376\377\0008\000.\0001\0003\000\040\000b\000r\000t\000r\000:\000:\000K\000e\000y\000H\000a\000n\000d\000l\000e\000r\000\040\000C\000l\000a\000s\000s\000\040\000R\000e\000f\000e\000r\000e\000n\000c\000e}{chapter.8}% 223
\BOOKMARK [2][-]{subsection.8.13.1}{\376\377\0008\000.\0001\0003\000.\0001\000\040\000D\000e\000t\000a\000i\000l\000e\000d\000\040\000D\000e\000s\000c\000r\000i\000p\000t\000i\000o\000n}{section.8.13}% 224
\BOOKMARK [2][-]{subsection.8.13.2}{\376\377\0008\000.\0001\0003\000.\0002\000\040\000C\000o\000n\000s\000t\000r\000u\000c\000t\000o\000r\000\040\000\046\000\040\000D\000e\000s\000t\000r\000u\000c\000t\000o\000r\000\040\000D\000o\000c\000u\000m\000e\000n\000t\000a\000t\000i\000o\000n}{section.8.13}% 225
\BOOKMARK [3][-]{subsubsection.8.13.2.1}{\376\377\0008\000.\0001\0003\000.\0002\000.\0001\000\040\000K\000e\000y\000H\000a\000n\000d\000l\000e\000r}{subsection.8.13.2}% 226
\BOOKMARK [3][-]{subsubsection.8.13.2.2}{\376\377\0008\000.\0001\0003\000.\0002\000.\0002\000\040\000K\000e\000y\000H\000a\000n\000d\000l\000e\000r}{subsection.8.13.2}% 227
\BOOKMARK [2][-]{subsection.8.13.3}{\376\377\0008\000.\0001\0003\000.\0003\000\040\000M\000e\000m\000b\000e\000r\000\040\000F\000u\000n\000c\000t\000i\000o\000n\000\040\000D\000o\000c\000u\000m\000e\000n\000t\000a\000t\000i\000o\000n}{section.8.13}% 228
\BOOKMARK [3][-]{subsubsection.8.13.3.1}{\376\377\0008\000.\0001\0003\000.\0003\000.\0001\000\040\000h\000a\000n\000d\000l\000e}{subsection.8.13.3}% 229
\BOOKMARK [3][-]{subsubsection.8.13.3.2}{\376\377\0008\000.\0001\0003\000.\0003\000.\0002\000\040\000h\000a\000n\000d\000l\000e\000K\000e\000y\000D\000o\000w\000n}{subsection.8.13.3}% 230
\BOOKMARK [3][-]{subsubsection.8.13.3.3}{\376\377\0008\000.\0001\0003\000.\0003\000.\0003\000\040\000m\000o\000d\000i\000f\000y\000T\000e\000x\000t}{subsection.8.13.3}% 231
\BOOKMARK [3][-]{subsubsection.8.13.3.4}{\376\377\0008\000.\0001\0003\000.\0003\000.\0004\000\040\000m\000o\000u\000s\000e\000I\000n\000t\000e\000r\000s\000e\000c\000t\000i\000o\000n}{subsection.8.13.3}% 232
\BOOKMARK [2][-]{subsection.8.13.4}{\376\377\0008\000.\0001\0003\000.\0004\000\040\000M\000e\000m\000b\000e\000r\000\040\000D\000a\000t\000a\000\040\000D\000o\000c\000u\000m\000e\000n\000t\000a\000t\000i\000o\000n}{section.8.13}% 233
\BOOKMARK [3][-]{subsubsection.8.13.4.1}{\376\377\0008\000.\0001\0003\000.\0004\000.\0001\000\040\000\137\000c\000u\000r\000D\000r\000a\000w\000a\000b\000l\000e}{subsection.8.13.4}% 234
\BOOKMARK [3][-]{subsubsection.8.13.4.2}{\376\377\0008\000.\0001\0003\000.\0004\000.\0002\000\040\000\137\000c\000u\000r\000P\000r\000o\000g}{subsection.8.13.4}% 235
\BOOKMARK [3][-]{subsubsection.8.13.4.3}{\376\377\0008\000.\0001\0003\000.\0004\000.\0003\000\040\000\137\000i\000s\000W\000i\000r\000e\000F\000r\000a\000m\000e}{subsection.8.13.4}% 236
\BOOKMARK [3][-]{subsubsection.8.13.4.4}{\376\377\0008\000.\0001\0003\000.\0004\000.\0004\000\040\000\137\000m\000o\000u\000s\000e\000E\000v\000e\000n\000t}{subsection.8.13.4}% 237
\BOOKMARK [3][-]{subsubsection.8.13.4.5}{\376\377\0008\000.\0001\0003\000.\0004\000.\0005\000\040\000\137\000n\000o\000r\000m\000a\000l\000e\000M\000o\000d\000e}{subsection.8.13.4}% 238
\BOOKMARK [3][-]{subsubsection.8.13.4.6}{\376\377\0008\000.\0001\0003\000.\0004\000.\0006\000\040\000\137\000p\000o\000s\000t\000P\000r\000o\000c\000e\000s\000s\000C\000a\000m}{subsection.8.13.4}% 239
\BOOKMARK [3][-]{subsubsection.8.13.4.7}{\376\377\0008\000.\0001\0003\000.\0004\000.\0007\000\040\000\137\000p\000r\000o\000g\000r\000a\000m\000s}{subsection.8.13.4}% 240
\BOOKMARK [3][-]{subsubsection.8.13.4.8}{\376\377\0008\000.\0001\0003\000.\0004\000.\0008\000\040\000\137\000r\000o\000o\000t\000N\000o\000d\000e}{subsection.8.13.4}% 241
\BOOKMARK [3][-]{subsubsection.8.13.4.9}{\376\377\0008\000.\0001\0003\000.\0004\000.\0009\000\040\000\137\000w\000i\000r\000e\000F\000r\000a\000m\000e\000M\000o\000d\000e}{subsection.8.13.4}% 242
\BOOKMARK [1][-]{section.8.14}{\376\377\0008\000.\0001\0004\000\040\000b\000r\000t\000r\000:\000:\000M\000o\000d\000i\000f\000y\000M\000a\000t\000e\000r\000i\000a\000l\000V\000i\000s\000i\000t\000o\000r\000\040\000C\000l\000a\000s\000s\000\040\000R\000e\000f\000e\000r\000e\000n\000c\000e}{chapter.8}% 243
\BOOKMARK [2][-]{subsection.8.14.1}{\376\377\0008\000.\0001\0004\000.\0001\000\040\000D\000e\000t\000a\000i\000l\000e\000d\000\040\000D\000e\000s\000c\000r\000i\000p\000t\000i\000o\000n}{section.8.14}% 244
\BOOKMARK [2][-]{subsection.8.14.2}{\376\377\0008\000.\0001\0004\000.\0002\000\040\000C\000o\000n\000s\000t\000r\000u\000c\000t\000o\000r\000\040\000\046\000\040\000D\000e\000s\000t\000r\000u\000c\000t\000o\000r\000\040\000D\000o\000c\000u\000m\000e\000n\000t\000a\000t\000i\000o\000n}{section.8.14}% 245
\BOOKMARK [3][-]{subsubsection.8.14.2.1}{\376\377\0008\000.\0001\0004\000.\0002\000.\0001\000\040\000M\000o\000d\000i\000f\000y\000M\000a\000t\000e\000r\000i\000a\000l\000V\000i\000s\000i\000t\000o\000r}{subsection.8.14.2}% 246
\BOOKMARK [2][-]{subsection.8.14.3}{\376\377\0008\000.\0001\0004\000.\0003\000\040\000M\000e\000m\000b\000e\000r\000\040\000F\000u\000n\000c\000t\000i\000o\000n\000\040\000D\000o\000c\000u\000m\000e\000n\000t\000a\000t\000i\000o\000n}{section.8.14}% 247
\BOOKMARK [3][-]{subsubsection.8.14.3.1}{\376\377\0008\000.\0001\0004\000.\0003\000.\0001\000\040\000a\000p\000p\000l\000y}{subsection.8.14.3}% 248
\BOOKMARK [3][-]{subsubsection.8.14.3.2}{\376\377\0008\000.\0001\0004\000.\0003\000.\0002\000\040\000g\000e\000t\000A\000m\000b\000i\000e\000n\000t}{subsection.8.14.3}% 249
\BOOKMARK [3][-]{subsubsection.8.14.3.3}{\376\377\0008\000.\0001\0004\000.\0003\000.\0003\000\040\000g\000e\000t\000D\000i\000f\000f\000u\000s\000e}{subsection.8.14.3}% 250
\BOOKMARK [3][-]{subsubsection.8.14.3.4}{\376\377\0008\000.\0001\0004\000.\0003\000.\0004\000\040\000g\000e\000t\000S\000h\000i\000n\000i\000n\000e\000s\000s}{subsection.8.14.3}% 251
\BOOKMARK [3][-]{subsubsection.8.14.3.5}{\376\377\0008\000.\0001\0004\000.\0003\000.\0005\000\040\000g\000e\000t\000S\000p\000e\000c\000u\000l\000a\000r}{subsection.8.14.3}% 252
\BOOKMARK [3][-]{subsubsection.8.14.3.6}{\376\377\0008\000.\0001\0004\000.\0003\000.\0006\000\040\000s\000e\000t\000A\000m\000b\000i\000e\000n\000t}{subsection.8.14.3}% 253
\BOOKMARK [3][-]{subsubsection.8.14.3.7}{\376\377\0008\000.\0001\0004\000.\0003\000.\0007\000\040\000s\000e\000t\000D\000i\000f\000f\000u\000s\000e}{subsection.8.14.3}% 254
\BOOKMARK [3][-]{subsubsection.8.14.3.8}{\376\377\0008\000.\0001\0004\000.\0003\000.\0008\000\040\000s\000e\000t\000S\000h\000i\000n\000i\000n\000e\000s\000s}{subsection.8.14.3}% 255
\BOOKMARK [3][-]{subsubsection.8.14.3.9}{\376\377\0008\000.\0001\0004\000.\0003\000.\0009\000\040\000s\000e\000t\000S\000p\000e\000c\000u\000l\000a\000r}{subsection.8.14.3}% 256
\BOOKMARK [2][-]{subsection.8.14.4}{\376\377\0008\000.\0001\0004\000.\0004\000\040\000M\000e\000m\000b\000e\000r\000\040\000D\000a\000t\000a\000\040\000D\000o\000c\000u\000m\000e\000n\000t\000a\000t\000i\000o\000n}{section.8.14}% 257
\BOOKMARK [3][-]{subsubsection.8.14.4.1}{\376\377\0008\000.\0001\0004\000.\0004\000.\0001\000\040\000\137\000a\000m\000b\000i\000e\000n\000t}{subsection.8.14.4}% 258
\BOOKMARK [3][-]{subsubsection.8.14.4.2}{\376\377\0008\000.\0001\0004\000.\0004\000.\0002\000\040\000\137\000a\000m\000b\000i\000e\000n\000t\000F\000l\000a\000g}{subsection.8.14.4}% 259
\BOOKMARK [3][-]{subsubsection.8.14.4.3}{\376\377\0008\000.\0001\0004\000.\0004\000.\0003\000\040\000\137\000d\000i\000f\000f\000u\000s\000e}{subsection.8.14.4}% 260
\BOOKMARK [3][-]{subsubsection.8.14.4.4}{\376\377\0008\000.\0001\0004\000.\0004\000.\0004\000\040\000\137\000d\000i\000f\000f\000u\000s\000e\000F\000l\000a\000g}{subsection.8.14.4}% 261
\BOOKMARK [3][-]{subsubsection.8.14.4.5}{\376\377\0008\000.\0001\0004\000.\0004\000.\0005\000\040\000\137\000s\000h\000i\000n\000i\000n\000e\000s\000s}{subsection.8.14.4}% 262
\BOOKMARK [3][-]{subsubsection.8.14.4.6}{\376\377\0008\000.\0001\0004\000.\0004\000.\0006\000\040\000\137\000s\000h\000i\000n\000i\000n\000e\000s\000s\000F\000l\000a\000g}{subsection.8.14.4}% 263
\BOOKMARK [3][-]{subsubsection.8.14.4.7}{\376\377\0008\000.\0001\0004\000.\0004\000.\0007\000\040\000\137\000s\000p\000e\000c\000u\000l\000a\000r}{subsection.8.14.4}% 264
\BOOKMARK [3][-]{subsubsection.8.14.4.8}{\376\377\0008\000.\0001\0004\000.\0004\000.\0008\000\040\000\137\000s\000p\000e\000c\000u\000l\000a\000r\000F\000l\000a\000g}{subsection.8.14.4}% 265
\BOOKMARK [1][-]{section.8.15}{\376\377\0008\000.\0001\0005\000\040\000b\000r\000t\000r\000:\000:\000P\000r\000o\000g\000r\000a\000m\000S\000w\000i\000t\000c\000h\000e\000r\000C\000a\000l\000l\000b\000a\000c\000k\000\040\000C\000l\000a\000s\000s\000\040\000R\000e\000f\000e\000r\000e\000n\000c\000e}{chapter.8}% 266
\BOOKMARK [2][-]{subsection.8.15.1}{\376\377\0008\000.\0001\0005\000.\0001\000\040\000D\000e\000t\000a\000i\000l\000e\000d\000\040\000D\000e\000s\000c\000r\000i\000p\000t\000i\000o\000n}{section.8.15}% 267
\BOOKMARK [2][-]{subsection.8.15.2}{\376\377\0008\000.\0001\0005\000.\0002\000\040\000C\000o\000n\000s\000t\000r\000u\000c\000t\000o\000r\000\040\000\046\000\040\000D\000e\000s\000t\000r\000u\000c\000t\000o\000r\000\040\000D\000o\000c\000u\000m\000e\000n\000t\000a\000t\000i\000o\000n}{section.8.15}% 268
\BOOKMARK [3][-]{subsubsection.8.15.2.1}{\376\377\0008\000.\0001\0005\000.\0002\000.\0001\000\040\000P\000r\000o\000g\000r\000a\000m\000S\000w\000i\000t\000c\000h\000e\000r\000C\000a\000l\000l\000b\000a\000c\000k}{subsection.8.15.2}% 269
\BOOKMARK [2][-]{subsection.8.15.3}{\376\377\0008\000.\0001\0005\000.\0003\000\040\000M\000e\000m\000b\000e\000r\000\040\000F\000u\000n\000c\000t\000i\000o\000n\000\040\000D\000o\000c\000u\000m\000e\000n\000t\000a\000t\000i\000o\000n}{section.8.15}% 270
\BOOKMARK [3][-]{subsubsection.8.15.3.1}{\376\377\0008\000.\0001\0005\000.\0003\000.\0001\000\040\000i\000n\000t\000e\000r\000a\000c\000t}{subsection.8.15.3}% 271
\BOOKMARK [3][-]{subsubsection.8.15.3.2}{\376\377\0008\000.\0001\0005\000.\0003\000.\0002\000\040\000s\000e\000t\000T\000e\000x\000t}{subsection.8.15.3}% 272
\BOOKMARK [2][-]{subsection.8.15.4}{\376\377\0008\000.\0001\0005\000.\0004\000\040\000M\000e\000m\000b\000e\000r\000\040\000D\000a\000t\000a\000\040\000D\000o\000c\000u\000m\000e\000n\000t\000a\000t\000i\000o\000n}{section.8.15}% 273
\BOOKMARK [3][-]{subsubsection.8.15.4.1}{\376\377\0008\000.\0001\0005\000.\0004\000.\0001\000\040\000\137\000c\000u\000r\000P\000r\000o\000g}{subsection.8.15.4}% 274
\BOOKMARK [3][-]{subsubsection.8.15.4.2}{\376\377\0008\000.\0001\0005\000.\0004\000.\0002\000\040\000\137\000p\000r\000o\000g\000r\000a\000m\000s}{subsection.8.15.4}% 275
\BOOKMARK [1][-]{section.8.16}{\376\377\0008\000.\0001\0006\000\040\000b\000r\000t\000r\000:\000:\000R\000e\000n\000d\000e\000r\000i\000n\000g\000P\000i\000p\000e\000l\000i\000n\000e\000\040\000S\000t\000r\000u\000c\000t\000\040\000R\000e\000f\000e\000r\000e\000n\000c\000e}{chapter.8}% 276
\BOOKMARK [2][-]{subsection.8.16.1}{\376\377\0008\000.\0001\0006\000.\0001\000\040\000D\000e\000t\000a\000i\000l\000e\000d\000\040\000D\000e\000s\000c\000r\000i\000p\000t\000i\000o\000n}{section.8.16}% 277
\BOOKMARK [2][-]{subsection.8.16.2}{\376\377\0008\000.\0001\0006\000.\0002\000\040\000M\000e\000m\000b\000e\000r\000\040\000D\000a\000t\000a\000\040\000D\000o\000c\000u\000m\000e\000n\000t\000a\000t\000i\000o\000n}{section.8.16}% 278
\BOOKMARK [3][-]{subsubsection.8.16.2.1}{\376\377\0008\000.\0001\0006\000.\0002\000.\0001\000\040\000p\000a\000s\000s\000\137\0000\000\137\000c\000o\000l\000o\000r}{subsection.8.16.2}% 279
\BOOKMARK [3][-]{subsubsection.8.16.2.2}{\376\377\0008\000.\0001\0006\000.\0002\000.\0002\000\040\000p\000a\000s\000s\000\137\0000\000\137\000d\000e\000p\000t\000h}{subsection.8.16.2}% 280
\BOOKMARK [3][-]{subsubsection.8.16.2.3}{\376\377\0008\000.\0001\0006\000.\0002\000.\0003\000\040\000p\000a\000s\000s\000\137\000P\000o\000s\000t\000P\000r\000o\000c\000e\000s\000s}{subsection.8.16.2}% 281
\BOOKMARK [3][-]{subsubsection.8.16.2.4}{\376\377\0008\000.\0001\0006\000.\0002\000.\0004\000\040\000p\000r\000o\000g\000r\000a\000m\000s}{subsection.8.16.2}% 282
\BOOKMARK [1][-]{section.8.17}{\376\377\0008\000.\0001\0007\000\040\000b\000r\000t\000r\000:\000:\000T\000o\000o\000n\000T\000e\000x\000S\000w\000i\000t\000c\000h\000e\000r\000C\000a\000l\000l\000b\000a\000c\000k\000\040\000C\000l\000a\000s\000s\000\040\000R\000e\000f\000e\000r\000e\000n\000c\000e}{chapter.8}% 283
\BOOKMARK [2][-]{subsection.8.17.1}{\376\377\0008\000.\0001\0007\000.\0001\000\040\000D\000e\000t\000a\000i\000l\000e\000d\000\040\000D\000e\000s\000c\000r\000i\000p\000t\000i\000o\000n}{section.8.17}% 284
\BOOKMARK [2][-]{subsection.8.17.2}{\376\377\0008\000.\0001\0007\000.\0002\000\040\000C\000o\000n\000s\000t\000r\000u\000c\000t\000o\000r\000\040\000\046\000\040\000D\000e\000s\000t\000r\000u\000c\000t\000o\000r\000\040\000D\000o\000c\000u\000m\000e\000n\000t\000a\000t\000i\000o\000n}{section.8.17}% 285
\BOOKMARK [3][-]{subsubsection.8.17.2.1}{\376\377\0008\000.\0001\0007\000.\0002\000.\0001\000\040\000T\000o\000o\000n\000T\000e\000x\000S\000w\000i\000t\000c\000h\000e\000r\000C\000a\000l\000l\000b\000a\000c\000k}{subsection.8.17.2}% 286
\BOOKMARK [2][-]{subsection.8.17.3}{\376\377\0008\000.\0001\0007\000.\0003\000\040\000M\000e\000m\000b\000e\000r\000\040\000F\000u\000n\000c\000t\000i\000o\000n\000\040\000D\000o\000c\000u\000m\000e\000n\000t\000a\000t\000i\000o\000n}{section.8.17}% 287
\BOOKMARK [3][-]{subsubsection.8.17.3.1}{\376\377\0008\000.\0001\0007\000.\0003\000.\0001\000\040\000i\000n\000t\000e\000r\000a\000c\000t}{subsection.8.17.3}% 288
\BOOKMARK [3][-]{subsubsection.8.17.3.2}{\376\377\0008\000.\0001\0007\000.\0003\000.\0002\000\040\000s\000e\000t\000T\000e\000x\000t}{subsection.8.17.3}% 289
\BOOKMARK [2][-]{subsection.8.17.4}{\376\377\0008\000.\0001\0007\000.\0004\000\040\000M\000e\000m\000b\000e\000r\000\040\000D\000a\000t\000a\000\040\000D\000o\000c\000u\000m\000e\000n\000t\000a\000t\000i\000o\000n}{section.8.17}% 290
\BOOKMARK [3][-]{subsubsection.8.17.4.1}{\376\377\0008\000.\0001\0007\000.\0004\000.\0001\000\040\000\137\000c\000u\000r\000T\000e\000x}{subsection.8.17.4}% 291
\BOOKMARK [3][-]{subsubsection.8.17.4.2}{\376\377\0008\000.\0001\0007\000.\0004\000.\0002\000\040\000\137\000t\000o\000o\000n\000T\000e\000x\000s}{subsection.8.17.4}% 292
\BOOKMARK [1][-]{section.8.18}{\376\377\0008\000.\0001\0008\000\040\000b\000r\000t\000r\000:\000:\000T\000r\000a\000i\000n\000S\000w\000i\000t\000c\000h\000e\000r\000C\000a\000l\000l\000b\000a\000c\000k\000\040\000C\000l\000a\000s\000s\000\040\000R\000e\000f\000e\000r\000e\000n\000c\000e}{chapter.8}% 293
\BOOKMARK [2][-]{subsection.8.18.1}{\376\377\0008\000.\0001\0008\000.\0001\000\040\000D\000e\000t\000a\000i\000l\000e\000d\000\040\000D\000e\000s\000c\000r\000i\000p\000t\000i\000o\000n}{section.8.18}% 294
\BOOKMARK [2][-]{subsection.8.18.2}{\376\377\0008\000.\0001\0008\000.\0002\000\040\000C\000o\000n\000s\000t\000r\000u\000c\000t\000o\000r\000\040\000\046\000\040\000D\000e\000s\000t\000r\000u\000c\000t\000o\000r\000\040\000D\000o\000c\000u\000m\000e\000n\000t\000a\000t\000i\000o\000n}{section.8.18}% 295
\BOOKMARK [3][-]{subsubsection.8.18.2.1}{\376\377\0008\000.\0001\0008\000.\0002\000.\0001\000\040\000T\000r\000a\000i\000n\000S\000w\000i\000t\000c\000h\000e\000r\000C\000a\000l\000l\000b\000a\000c\000k}{subsection.8.18.2}% 296
\BOOKMARK [2][-]{subsection.8.18.3}{\376\377\0008\000.\0001\0008\000.\0003\000\040\000M\000e\000m\000b\000e\000r\000\040\000F\000u\000n\000c\000t\000i\000o\000n\000\040\000D\000o\000c\000u\000m\000e\000n\000t\000a\000t\000i\000o\000n}{section.8.18}% 297
\BOOKMARK [3][-]{subsubsection.8.18.3.1}{\376\377\0008\000.\0001\0008\000.\0003\000.\0001\000\040\000o\000p\000e\000r\000a\000t\000o\000r\000\050\000\051}{subsection.8.18.3}% 298
\BOOKMARK [2][-]{subsection.8.18.4}{\376\377\0008\000.\0001\0008\000.\0004\000\040\000M\000e\000m\000b\000e\000r\000\040\000D\000a\000t\000a\000\040\000D\000o\000c\000u\000m\000e\000n\000t\000a\000t\000i\000o\000n}{section.8.18}% 299
\BOOKMARK [3][-]{subsubsection.8.18.4.1}{\376\377\0008\000.\0001\0008\000.\0004\000.\0001\000\040\000\137\000c\000u\000r\000A\000c\000t\000i\000v\000e\000T\000r\000a\000i\000n}{subsection.8.18.4}% 300
\BOOKMARK [3][-]{subsubsection.8.18.4.2}{\376\377\0008\000.\0001\0008\000.\0004\000.\0002\000\040\000\137\000d\000e\000l\000t\000a\000T\000i\000m\000e}{subsection.8.18.4}% 301
\BOOKMARK [1][-]{section.8.19}{\376\377\0008\000.\0001\0009\000\040\000b\000r\000t\000r\000:\000:\000W\000e\000a\000p\000o\000n\000H\000U\000D\000\040\000C\000l\000a\000s\000s\000\040\000R\000e\000f\000e\000r\000e\000n\000c\000e}{chapter.8}% 302
\BOOKMARK [2][-]{subsection.8.19.1}{\376\377\0008\000.\0001\0009\000.\0001\000\040\000D\000e\000t\000a\000i\000l\000e\000d\000\040\000D\000e\000s\000c\000r\000i\000p\000t\000i\000o\000n}{section.8.19}% 303
\BOOKMARK [2][-]{subsection.8.19.2}{\376\377\0008\000.\0001\0009\000.\0002\000\040\000C\000o\000n\000s\000t\000r\000u\000c\000t\000o\000r\000\040\000\046\000\040\000D\000e\000s\000t\000r\000u\000c\000t\000o\000r\000\040\000D\000o\000c\000u\000m\000e\000n\000t\000a\000t\000i\000o\000n}{section.8.19}% 304
\BOOKMARK [3][-]{subsubsection.8.19.2.1}{\376\377\0008\000.\0001\0009\000.\0002\000.\0001\000\040\000W\000e\000a\000p\000o\000n\000H\000U\000D}{subsection.8.19.2}% 305
\BOOKMARK [3][-]{subsubsection.8.19.2.2}{\376\377\0008\000.\0001\0009\000.\0002\000.\0002\000\040\000W\000e\000a\000p\000o\000n\000H\000U\000D}{subsection.8.19.2}% 306
\BOOKMARK [3][-]{subsubsection.8.19.2.3}{\376\377\0008\000.\0001\0009\000.\0002\000.\0003\000\040\000W\000e\000a\000p\000o\000n\000H\000U\000D}{subsection.8.19.2}% 307
\BOOKMARK [2][-]{subsection.8.19.3}{\376\377\0008\000.\0001\0009\000.\0003\000\040\000M\000e\000m\000b\000e\000r\000\040\000F\000u\000n\000c\000t\000i\000o\000n\000\040\000D\000o\000c\000u\000m\000e\000n\000t\000a\000t\000i\000o\000n}{section.8.19}% 308
\BOOKMARK [3][-]{subsubsection.8.19.3.1}{\376\377\0008\000.\0001\0009\000.\0003\000.\0001\000\040\000a\000d\000d\000P\000o\000r\000t\000a\000l\000G\000u\000n}{subsection.8.19.3}% 309
\BOOKMARK [3][-]{subsubsection.8.19.3.2}{\376\377\0008\000.\0001\0009\000.\0003\000.\0002\000\040\000c\000r\000e\000a\000t\000e\000W\000e\000a\000p\000o\000n\000H\000U\000D}{subsection.8.19.3}% 310
\BOOKMARK [3][-]{subsubsection.8.19.3.3}{\376\377\0008\000.\0001\0009\000.\0003\000.\0003\000\040\000g\000e\000t\000W\000e\000a\000p\000o\000n\000H\000a\000n\000d\000l\000e\000r}{subsection.8.19.3}% 311
\BOOKMARK [2][-]{subsection.8.19.4}{\376\377\0008\000.\0001\0009\000.\0004\000\040\000M\000e\000m\000b\000e\000r\000\040\000D\000a\000t\000a\000\040\000D\000o\000c\000u\000m\000e\000n\000t\000a\000t\000i\000o\000n}{section.8.19}% 312
\BOOKMARK [3][-]{subsubsection.8.19.4.1}{\376\377\0008\000.\0001\0009\000.\0004\000.\0001\000\040\000\137\000h\000a\000n\000d\000l\000e\000r}{subsection.8.19.4}% 313
\BOOKMARK [3][-]{subsubsection.8.19.4.2}{\376\377\0008\000.\0001\0009\000.\0004\000.\0002\000\040\000\137\000s\000w\000i\000t\000c\000h\000e\000r}{subsection.8.19.4}% 314
\BOOKMARK [1][-]{section.8.20}{\376\377\0008\000.\0002\0000\000\040\000b\000r\000t\000r\000:\000:\000W\000e\000a\000p\000o\000n\000H\000U\000D\000:\000:\000W\000e\000a\000p\000o\000n\000S\000w\000i\000t\000c\000h\000H\000a\000n\000d\000l\000e\000r\000\040\000C\000l\000a\000s\000s\000\040\000R\000e\000f\000e\000r\000e\000n\000c\000e}{chapter.8}% 315
\BOOKMARK [2][-]{subsection.8.20.1}{\376\377\0008\000.\0002\0000\000.\0001\000\040\000D\000e\000t\000a\000i\000l\000e\000d\000\040\000D\000e\000s\000c\000r\000i\000p\000t\000i\000o\000n}{section.8.20}% 316
\BOOKMARK [2][-]{subsection.8.20.2}{\376\377\0008\000.\0002\0000\000.\0002\000\040\000C\000o\000n\000s\000t\000r\000u\000c\000t\000o\000r\000\040\000\046\000\040\000D\000e\000s\000t\000r\000u\000c\000t\000o\000r\000\040\000D\000o\000c\000u\000m\000e\000n\000t\000a\000t\000i\000o\000n}{section.8.20}% 317
\BOOKMARK [3][-]{subsubsection.8.20.2.1}{\376\377\0008\000.\0002\0000\000.\0002\000.\0001\000\040\000W\000e\000a\000p\000o\000n\000S\000w\000i\000t\000c\000h\000H\000a\000n\000d\000l\000e\000r}{subsection.8.20.2}% 318
\BOOKMARK [3][-]{subsubsection.8.20.2.2}{\376\377\0008\000.\0002\0000\000.\0002\000.\0002\000\040\000W\000e\000a\000p\000o\000n\000S\000w\000i\000t\000c\000h\000H\000a\000n\000d\000l\000e\000r}{subsection.8.20.2}% 319
\BOOKMARK [2][-]{subsection.8.20.3}{\376\377\0008\000.\0002\0000\000.\0003\000\040\000M\000e\000m\000b\000e\000r\000\040\000F\000u\000n\000c\000t\000i\000o\000n\000\040\000D\000o\000c\000u\000m\000e\000n\000t\000a\000t\000i\000o\000n}{section.8.20}% 320
\BOOKMARK [3][-]{subsubsection.8.20.3.1}{\376\377\0008\000.\0002\0000\000.\0003\000.\0001\000\040\000h\000a\000n\000d\000l\000e}{subsection.8.20.3}% 321
\BOOKMARK [2][-]{subsection.8.20.4}{\376\377\0008\000.\0002\0000\000.\0004\000\040\000M\000e\000m\000b\000e\000r\000\040\000D\000a\000t\000a\000\040\000D\000o\000c\000u\000m\000e\000n\000t\000a\000t\000i\000o\000n}{section.8.20}% 322
\BOOKMARK [3][-]{subsubsection.8.20.4.1}{\376\377\0008\000.\0002\0000\000.\0004\000.\0001\000\040\000\137\000c\000u\000r\000W\000e\000a\000p\000o\000n}{subsection.8.20.4}% 323
\BOOKMARK [3][-]{subsubsection.8.20.4.2}{\376\377\0008\000.\0002\0000\000.\0004\000.\0002\000\040\000\137\000f\000r\000a\000m\000e\000N\000u\000m\000b\000e\000r}{subsection.8.20.4}% 324
\BOOKMARK [3][-]{subsubsection.8.20.4.3}{\376\377\0008\000.\0002\0000\000.\0004\000.\0003\000\040\000\137\000s\000w\000i\000t\000c\000h}{subsection.8.20.4}% 325
\BOOKMARK [0][-]{chapter.9}{\376\377\0009\000\040\000F\000i\000l\000e\000\040\000D\000o\000c\000u\000m\000e\000n\000t\000a\000t\000i\000o\000n}{}% 326
\BOOKMARK [1][-]{section.9.1}{\376\377\0009\000.\0001\000\040\000A\000n\000i\000m\000a\000t\000i\000o\000n\000/\000A\000n\000i\000m\000a\000t\000i\000o\000n\000C\000r\000e\000a\000t\000e\000r\000.\000c\000p\000p\000\040\000F\000i\000l\000e\000\040\000R\000e\000f\000e\000r\000e\000n\000c\000e}{chapter.9}% 327
\BOOKMARK [1][-]{section.9.2}{\376\377\0009\000.\0002\000\040\000A\000n\000i\000m\000a\000t\000i\000o\000n\000C\000r\000e\000a\000t\000e\000r\000.\000c\000p\000p}{chapter.9}% 328
\BOOKMARK [1][-]{section.9.3}{\376\377\0009\000.\0003\000\040\000C\000a\000l\000l\000b\000a\000c\000k\000s\000/\000A\000d\000d\000P\000o\000r\000t\000a\000l\000G\000u\000n\000I\000n\000t\000e\000r\000a\000c\000t\000i\000o\000n\000C\000a\000l\000l\000b\000a\000c\000k\000.\000c\000p\000p\000\040\000F\000i\000l\000e\000\040\000R\000e\000f\000e\000r\000e\000n\000c\000e}{chapter.9}% 329
\BOOKMARK [1][-]{section.9.4}{\376\377\0009\000.\0004\000\040\000A\000d\000d\000P\000o\000r\000t\000a\000l\000G\000u\000n\000I\000n\000t\000e\000r\000a\000c\000t\000i\000o\000n\000C\000a\000l\000l\000b\000a\000c\000k\000.\000c\000p\000p}{chapter.9}% 330
\BOOKMARK [1][-]{section.9.5}{\376\377\0009\000.\0005\000\040\000C\000a\000l\000l\000b\000a\000c\000k\000s\000/\000B\000a\000s\000e\000I\000n\000t\000e\000r\000a\000c\000t\000i\000o\000n\000C\000a\000l\000l\000b\000a\000c\000k\000.\000c\000p\000p\000\040\000F\000i\000l\000e\000\040\000R\000e\000f\000e\000r\000e\000n\000c\000e}{chapter.9}% 331
\BOOKMARK [1][-]{section.9.6}{\376\377\0009\000.\0006\000\040\000B\000a\000s\000e\000I\000n\000t\000e\000r\000a\000c\000t\000i\000o\000n\000C\000a\000l\000l\000b\000a\000c\000k\000.\000c\000p\000p}{chapter.9}% 332
\BOOKMARK [1][-]{section.9.7}{\376\377\0009\000.\0007\000\040\000C\000a\000l\000l\000b\000a\000c\000k\000s\000/\000D\000r\000u\000n\000k\000e\000n\000I\000n\000t\000e\000r\000a\000c\000t\000i\000o\000n\000C\000a\000l\000l\000b\000a\000c\000k\000.\000c\000p\000p\000\040\000F\000i\000l\000e\000\040\000R\000e\000f\000e\000r\000e\000n\000c\000e}{chapter.9}% 333
\BOOKMARK [1][-]{section.9.8}{\376\377\0009\000.\0008\000\040\000D\000r\000u\000n\000k\000e\000n\000I\000n\000t\000e\000r\000a\000c\000t\000i\000o\000n\000C\000a\000l\000l\000b\000a\000c\000k\000.\000c\000p\000p}{chapter.9}% 334
\BOOKMARK [1][-]{section.9.9}{\376\377\0009\000.\0009\000\040\000C\000a\000l\000l\000b\000a\000c\000k\000s\000/\000P\000r\000o\000g\000r\000a\000m\000S\000w\000i\000t\000c\000h\000e\000r\000C\000a\000l\000l\000b\000a\000c\000k\000.\000c\000p\000p\000\040\000F\000i\000l\000e\000\040\000R\000e\000f\000e\000r\000e\000n\000c\000e}{chapter.9}% 335
\BOOKMARK [1][-]{section.9.10}{\376\377\0009\000.\0001\0000\000\040\000P\000r\000o\000g\000r\000a\000m\000S\000w\000i\000t\000c\000h\000e\000r\000C\000a\000l\000l\000b\000a\000c\000k\000.\000c\000p\000p}{chapter.9}% 336
\BOOKMARK [1][-]{section.9.11}{\376\377\0009\000.\0001\0001\000\040\000C\000a\000l\000l\000b\000a\000c\000k\000s\000/\000T\000o\000o\000n\000T\000e\000x\000S\000w\000i\000t\000c\000h\000e\000r\000C\000a\000l\000l\000b\000a\000c\000k\000.\000c\000p\000p\000\040\000F\000i\000l\000e\000\040\000R\000e\000f\000e\000r\000e\000n\000c\000e}{chapter.9}% 337
\BOOKMARK [1][-]{section.9.12}{\376\377\0009\000.\0001\0002\000\040\000T\000o\000o\000n\000T\000e\000x\000S\000w\000i\000t\000c\000h\000e\000r\000C\000a\000l\000l\000b\000a\000c\000k\000.\000c\000p\000p}{chapter.9}% 338
\BOOKMARK [1][-]{section.9.13}{\376\377\0009\000.\0001\0003\000\040\000C\000a\000l\000l\000b\000a\000c\000k\000s\000/\000T\000r\000a\000i\000n\000S\000w\000i\000t\000c\000h\000e\000r\000C\000a\000l\000l\000b\000a\000c\000k\000.\000c\000p\000p\000\040\000F\000i\000l\000e\000\040\000R\000e\000f\000e\000r\000e\000n\000c\000e}{chapter.9}% 339
\BOOKMARK [1][-]{section.9.14}{\376\377\0009\000.\0001\0004\000\040\000T\000r\000a\000i\000n\000S\000w\000i\000t\000c\000h\000e\000r\000C\000a\000l\000l\000b\000a\000c\000k\000.\000c\000p\000p}{chapter.9}% 340
\BOOKMARK [1][-]{section.9.15}{\376\377\0009\000.\0001\0005\000\040\000C\000a\000m\000e\000r\000a\000/\000F\000P\000S\000C\000a\000m\000e\000r\000a\000M\000a\000n\000i\000p\000u\000l\000a\000t\000o\000r\000.\000c\000p\000p\000\040\000F\000i\000l\000e\000\040\000R\000e\000f\000e\000r\000e\000n\000c\000e}{chapter.9}% 341
\BOOKMARK [1][-]{section.9.16}{\376\377\0009\000.\0001\0006\000\040\000F\000P\000S\000C\000a\000m\000e\000r\000a\000M\000a\000n\000i\000p\000u\000l\000a\000t\000o\000r\000.\000c\000p\000p}{chapter.9}% 342
\BOOKMARK [1][-]{section.9.17}{\376\377\0009\000.\0001\0007\000\040\000C\000a\000m\000e\000r\000a\000/\000W\000e\000a\000p\000o\000n\000H\000U\000D\000.\000c\000p\000p\000\040\000F\000i\000l\000e\000\040\000R\000e\000f\000e\000r\000e\000n\000c\000e}{chapter.9}% 343
\BOOKMARK [1][-]{section.9.18}{\376\377\0009\000.\0001\0008\000\040\000W\000e\000a\000p\000o\000n\000H\000U\000D\000.\000c\000p\000p}{chapter.9}% 344
\BOOKMARK [1][-]{section.9.19}{\376\377\0009\000.\0001\0009\000\040\000G\000U\000I\000/\000K\000e\000y\000H\000a\000n\000d\000l\000e\000r\000.\000c\000p\000p\000\040\000F\000i\000l\000e\000\040\000R\000e\000f\000e\000r\000e\000n\000c\000e}{chapter.9}% 345
\BOOKMARK [1][-]{section.9.20}{\376\377\0009\000.\0002\0000\000\040\000K\000e\000y\000H\000a\000n\000d\000l\000e\000r\000.\000c\000p\000p}{chapter.9}% 346
\BOOKMARK [1][-]{section.9.21}{\376\377\0009\000.\0002\0001\000\040\000h\000e\000a\000d\000e\000r\000/\000A\000d\000d\000I\000n\000t\000e\000r\000a\000c\000t\000i\000o\000n\000C\000a\000l\000l\000b\000a\000c\000k\000T\000o\000D\000r\000a\000w\000a\000b\000l\000e\000V\000i\000s\000i\000t\000o\000r\000.\000h\000\040\000F\000i\000l\000e\000\040\000R\000e\000f\000e\000r\000e\000n\000c\000e}{chapter.9}% 347
\BOOKMARK [1][-]{section.9.22}{\376\377\0009\000.\0002\0002\000\040\000A\000d\000d\000I\000n\000t\000e\000r\000a\000c\000t\000i\000o\000n\000C\000a\000l\000l\000b\000a\000c\000k\000T\000o\000D\000r\000a\000w\000a\000b\000l\000e\000V\000i\000s\000i\000t\000o\000r\000.\000h}{chapter.9}% 348
\BOOKMARK [1][-]{section.9.23}{\376\377\0009\000.\0002\0003\000\040\000h\000e\000a\000d\000e\000r\000/\000A\000d\000d\000P\000o\000r\000t\000a\000l\000G\000u\000n\000I\000n\000t\000e\000r\000a\000c\000t\000i\000o\000n\000C\000a\000l\000l\000b\000a\000c\000k\000.\000h\000\040\000F\000i\000l\000e\000\040\000R\000e\000f\000e\000r\000e\000n\000c\000e}{chapter.9}% 349
\BOOKMARK [1][-]{section.9.24}{\376\377\0009\000.\0002\0004\000\040\000A\000d\000d\000P\000o\000r\000t\000a\000l\000G\000u\000n\000I\000n\000t\000e\000r\000a\000c\000t\000i\000o\000n\000C\000a\000l\000l\000b\000a\000c\000k\000.\000h}{chapter.9}% 350
\BOOKMARK [1][-]{section.9.25}{\376\377\0009\000.\0002\0005\000\040\000h\000e\000a\000d\000e\000r\000/\000A\000n\000i\000m\000a\000t\000i\000o\000n\000C\000r\000e\000a\000t\000e\000r\000.\000h\000\040\000F\000i\000l\000e\000\040\000R\000e\000f\000e\000r\000e\000n\000c\000e}{chapter.9}% 351
\BOOKMARK [1][-]{section.9.26}{\376\377\0009\000.\0002\0006\000\040\000A\000n\000i\000m\000a\000t\000i\000o\000n\000C\000r\000e\000a\000t\000e\000r\000.\000h}{chapter.9}% 352
\BOOKMARK [1][-]{section.9.27}{\376\377\0009\000.\0002\0007\000\040\000h\000e\000a\000d\000e\000r\000/\000B\000a\000s\000e\000I\000n\000t\000e\000r\000a\000c\000t\000i\000o\000n\000C\000a\000l\000l\000b\000a\000c\000k\000.\000h\000\040\000F\000i\000l\000e\000\040\000R\000e\000f\000e\000r\000e\000n\000c\000e}{chapter.9}% 353
\BOOKMARK [1][-]{section.9.28}{\376\377\0009\000.\0002\0008\000\040\000B\000a\000s\000e\000I\000n\000t\000e\000r\000a\000c\000t\000i\000o\000n\000C\000a\000l\000l\000b\000a\000c\000k\000.\000h}{chapter.9}% 354
\BOOKMARK [1][-]{section.9.29}{\376\377\0009\000.\0002\0009\000\040\000h\000e\000a\000d\000e\000r\000/\000B\000e\000n\000c\000h\000.\000h\000\040\000F\000i\000l\000e\000\040\000R\000e\000f\000e\000r\000e\000n\000c\000e}{chapter.9}% 355
\BOOKMARK [1][-]{section.9.30}{\376\377\0009\000.\0003\0000\000\040\000B\000e\000n\000c\000h\000.\000h}{chapter.9}% 356
\BOOKMARK [1][-]{section.9.31}{\376\377\0009\000.\0003\0001\000\040\000h\000e\000a\000d\000e\000r\000/\000C\000e\000l\000S\000h\000a\000d\000i\000n\000g\000.\000h\000\040\000F\000i\000l\000e\000\040\000R\000e\000f\000e\000r\000e\000n\000c\000e}{chapter.9}% 357
\BOOKMARK [1][-]{section.9.32}{\376\377\0009\000.\0003\0002\000\040\000C\000e\000l\000S\000h\000a\000d\000i\000n\000g\000.\000h}{chapter.9}% 358
\BOOKMARK [1][-]{section.9.33}{\376\377\0009\000.\0003\0003\000\040\000h\000e\000a\000d\000e\000r\000/\000C\000o\000n\000t\000r\000o\000l\000R\000o\000o\000m\000.\000h\000\040\000F\000i\000l\000e\000\040\000R\000e\000f\000e\000r\000e\000n\000c\000e}{chapter.9}% 359
\BOOKMARK [1][-]{section.9.34}{\376\377\0009\000.\0003\0004\000\040\000C\000o\000n\000t\000r\000o\000l\000R\000o\000o\000m\000.\000h}{chapter.9}% 360
\BOOKMARK [1][-]{section.9.35}{\376\377\0009\000.\0003\0005\000\040\000h\000e\000a\000d\000e\000r\000/\000D\000r\000u\000n\000k\000e\000n\000I\000n\000t\000e\000r\000a\000c\000t\000i\000o\000n\000C\000a\000l\000l\000b\000a\000c\000k\000.\000h\000\040\000F\000i\000l\000e\000\040\000R\000e\000f\000e\000r\000e\000n\000c\000e}{chapter.9}% 361
\BOOKMARK [1][-]{section.9.36}{\376\377\0009\000.\0003\0006\000\040\000D\000r\000u\000n\000k\000e\000n\000I\000n\000t\000e\000r\000a\000c\000t\000i\000o\000n\000C\000a\000l\000l\000b\000a\000c\000k\000.\000h}{chapter.9}% 362
\BOOKMARK [1][-]{section.9.37}{\376\377\0009\000.\0003\0007\000\040\000h\000e\000a\000d\000e\000r\000/\000F\000P\000S\000C\000a\000m\000e\000r\000a\000M\000a\000n\000i\000p\000u\000l\000a\000t\000o\000r\000.\000h\000\040\000F\000i\000l\000e\000\040\000R\000e\000f\000e\000r\000e\000n\000c\000e}{chapter.9}% 363
\BOOKMARK [1][-]{section.9.38}{\376\377\0009\000.\0003\0008\000\040\000F\000P\000S\000C\000a\000m\000e\000r\000a\000M\000a\000n\000i\000p\000u\000l\000a\000t\000o\000r\000.\000h}{chapter.9}% 364
\BOOKMARK [1][-]{section.9.39}{\376\377\0009\000.\0003\0009\000\040\000h\000e\000a\000d\000e\000r\000/\000G\000e\000o\000m\000e\000t\000r\000y\000P\000l\000a\000c\000e\000r\000V\000i\000s\000i\000t\000o\000r\000.\000h\000\040\000F\000i\000l\000e\000\040\000R\000e\000f\000e\000r\000e\000n\000c\000e}{chapter.9}% 365
\BOOKMARK [1][-]{section.9.40}{\376\377\0009\000.\0004\0000\000\040\000G\000e\000o\000m\000e\000t\000r\000y\000P\000l\000a\000c\000e\000r\000V\000i\000s\000i\000t\000o\000r\000.\000h}{chapter.9}% 366
\BOOKMARK [1][-]{section.9.41}{\376\377\0009\000.\0004\0001\000\040\000h\000e\000a\000d\000e\000r\000/\000K\000e\000y\000H\000a\000n\000d\000l\000e\000r\000.\000h\000\040\000F\000i\000l\000e\000\040\000R\000e\000f\000e\000r\000e\000n\000c\000e}{chapter.9}% 367
\BOOKMARK [1][-]{section.9.42}{\376\377\0009\000.\0004\0002\000\040\000K\000e\000y\000H\000a\000n\000d\000l\000e\000r\000.\000h}{chapter.9}% 368
\BOOKMARK [1][-]{section.9.43}{\376\377\0009\000.\0004\0003\000\040\000h\000e\000a\000d\000e\000r\000/\000M\000o\000d\000i\000f\000y\000M\000a\000t\000e\000r\000i\000a\000l\000V\000i\000s\000i\000t\000o\000r\000.\000h\000\040\000F\000i\000l\000e\000\040\000R\000e\000f\000e\000r\000e\000n\000c\000e}{chapter.9}% 369
\BOOKMARK [1][-]{section.9.44}{\376\377\0009\000.\0004\0004\000\040\000M\000o\000d\000i\000f\000y\000M\000a\000t\000e\000r\000i\000a\000l\000V\000i\000s\000i\000t\000o\000r\000.\000h}{chapter.9}% 370
\BOOKMARK [1][-]{section.9.45}{\376\377\0009\000.\0004\0005\000\040\000h\000e\000a\000d\000e\000r\000/\000P\000r\000o\000g\000r\000a\000m\000S\000w\000i\000t\000c\000h\000e\000r\000C\000a\000l\000l\000b\000a\000c\000k\000.\000h\000\040\000F\000i\000l\000e\000\040\000R\000e\000f\000e\000r\000e\000n\000c\000e}{chapter.9}% 371
\BOOKMARK [1][-]{section.9.46}{\376\377\0009\000.\0004\0006\000\040\000P\000r\000o\000g\000r\000a\000m\000S\000w\000i\000t\000c\000h\000e\000r\000C\000a\000l\000l\000b\000a\000c\000k\000.\000h}{chapter.9}% 372
\BOOKMARK [1][-]{section.9.47}{\376\377\0009\000.\0004\0007\000\040\000h\000e\000a\000d\000e\000r\000/\000T\000o\000o\000n\000T\000e\000x\000S\000w\000i\000t\000c\000h\000e\000r\000C\000a\000l\000l\000b\000a\000c\000k\000.\000h\000\040\000F\000i\000l\000e\000\040\000R\000e\000f\000e\000r\000e\000n\000c\000e}{chapter.9}% 373
\BOOKMARK [1][-]{section.9.48}{\376\377\0009\000.\0004\0008\000\040\000T\000o\000o\000n\000T\000e\000x\000S\000w\000i\000t\000c\000h\000e\000r\000C\000a\000l\000l\000b\000a\000c\000k\000.\000h}{chapter.9}% 374
\BOOKMARK [1][-]{section.9.49}{\376\377\0009\000.\0004\0009\000\040\000h\000e\000a\000d\000e\000r\000/\000T\000r\000a\000i\000n\000S\000w\000i\000t\000c\000h\000e\000r\000C\000a\000l\000l\000b\000a\000c\000k\000.\000h\000\040\000F\000i\000l\000e\000\040\000R\000e\000f\000e\000r\000e\000n\000c\000e}{chapter.9}% 375
\BOOKMARK [1][-]{section.9.50}{\376\377\0009\000.\0005\0000\000\040\000T\000r\000a\000i\000n\000S\000w\000i\000t\000c\000h\000e\000r\000C\000a\000l\000l\000b\000a\000c\000k\000.\000h}{chapter.9}% 376
\BOOKMARK [1][-]{section.9.51}{\376\377\0009\000.\0005\0001\000\040\000h\000e\000a\000d\000e\000r\000/\000U\000t\000i\000l\000F\000u\000n\000c\000t\000i\000o\000n\000s\000.\000h\000\040\000F\000i\000l\000e\000\040\000R\000e\000f\000e\000r\000e\000n\000c\000e}{chapter.9}% 377
\BOOKMARK [2][-]{subsection.9.51.1}{\376\377\0009\000.\0005\0001\000.\0001\000\040\000D\000e\000t\000a\000i\000l\000e\000d\000\040\000D\000e\000s\000c\000r\000i\000p\000t\000i\000o\000n}{section.9.51}% 378
\BOOKMARK [2][-]{subsection.9.51.2}{\376\377\0009\000.\0005\0001\000.\0002\000\040\000M\000a\000c\000r\000o\000\040\000D\000e\000f\000i\000n\000i\000t\000i\000o\000n\000\040\000D\000o\000c\000u\000m\000e\000n\000t\000a\000t\000i\000o\000n}{section.9.51}% 379
\BOOKMARK [3][-]{subsubsection.9.51.2.1}{\376\377\0009\000.\0005\0001\000.\0002\000.\0001\000\040\000\137\000U\000S\000E\000\137\000M\000A\000T\000H\000\137\000D\000E\000F\000I\000N\000E\000S}{subsection.9.51.2}% 380
\BOOKMARK [1][-]{section.9.52}{\376\377\0009\000.\0005\0002\000\040\000U\000t\000i\000l\000F\000u\000n\000c\000t\000i\000o\000n\000s\000.\000h}{chapter.9}% 381
\BOOKMARK [1][-]{section.9.53}{\376\377\0009\000.\0005\0003\000\040\000h\000e\000a\000d\000e\000r\000/\000W\000e\000a\000p\000o\000n\000H\000U\000D\000.\000h\000\040\000F\000i\000l\000e\000\040\000R\000e\000f\000e\000r\000e\000n\000c\000e}{chapter.9}% 382
\BOOKMARK [1][-]{section.9.54}{\376\377\0009\000.\0005\0004\000\040\000W\000e\000a\000p\000o\000n\000H\000U\000D\000.\000h}{chapter.9}% 383
\BOOKMARK [1][-]{section.9.55}{\376\377\0009\000.\0005\0005\000\040\000M\000a\000i\000n\000/\000M\000a\000i\000n\000.\000c\000p\000p\000\040\000F\000i\000l\000e\000\040\000R\000e\000f\000e\000r\000e\000n\000c\000e}{chapter.9}% 384
\BOOKMARK [2][-]{subsection.9.55.1}{\376\377\0009\000.\0005\0005\000.\0001\000\040\000F\000u\000n\000c\000t\000i\000o\000n\000\040\000D\000o\000c\000u\000m\000e\000n\000t\000a\000t\000i\000o\000n}{section.9.55}% 385
\BOOKMARK [3][-]{subsubsection.9.55.1.1}{\376\377\0009\000.\0005\0005\000.\0001\000.\0001\000\040\000m\000a\000i\000n}{subsection.9.55.1}% 386
\BOOKMARK [1][-]{section.9.56}{\376\377\0009\000.\0005\0006\000\040\000M\000a\000i\000n\000.\000c\000p\000p}{chapter.9}% 387
\BOOKMARK [1][-]{section.9.57}{\376\377\0009\000.\0005\0007\000\040\000O\000b\000j\000e\000c\000t\000s\000/\000B\000e\000n\000c\000h\000.\000c\000p\000p\000\040\000F\000i\000l\000e\000\040\000R\000e\000f\000e\000r\000e\000n\000c\000e}{chapter.9}% 388
\BOOKMARK [1][-]{section.9.58}{\376\377\0009\000.\0005\0008\000\040\000B\000e\000n\000c\000h\000.\000c\000p\000p}{chapter.9}% 389
\BOOKMARK [1][-]{section.9.59}{\376\377\0009\000.\0005\0009\000\040\000O\000b\000j\000e\000c\000t\000s\000/\000C\000o\000n\000t\000r\000o\000l\000R\000o\000o\000m\000.\000c\000p\000p\000\040\000F\000i\000l\000e\000\040\000R\000e\000f\000e\000r\000e\000n\000c\000e}{chapter.9}% 390
\BOOKMARK [1][-]{section.9.60}{\376\377\0009\000.\0006\0000\000\040\000C\000o\000n\000t\000r\000o\000l\000R\000o\000o\000m\000.\000c\000p\000p}{chapter.9}% 391
\BOOKMARK [1][-]{section.9.61}{\376\377\0009\000.\0006\0001\000\040\000S\000h\000a\000d\000e\000r\000/\000C\000e\000l\000S\000h\000a\000d\000i\000n\000g\000.\000c\000p\000p\000\040\000F\000i\000l\000e\000\040\000R\000e\000f\000e\000r\000e\000n\000c\000e}{chapter.9}% 392
\BOOKMARK [1][-]{section.9.62}{\376\377\0009\000.\0006\0002\000\040\000C\000e\000l\000S\000h\000a\000d\000i\000n\000g\000.\000c\000p\000p}{chapter.9}% 393
\BOOKMARK [1][-]{section.9.63}{\376\377\0009\000.\0006\0003\000\040\000U\000t\000i\000l\000/\000A\000d\000d\000I\000n\000t\000e\000r\000a\000c\000t\000i\000o\000n\000C\000a\000l\000l\000b\000a\000c\000k\000T\000o\000D\000r\000a\000w\000a\000b\000l\000e\000V\000i\000s\000i\000t\000o\000r\000.\000c\000p\000p\000\040\000F\000i\000l\000e\000\040\000R\000e\000f\000e\000r\000e\000n\000c\000e}{chapter.9}% 394
\BOOKMARK [1][-]{section.9.64}{\376\377\0009\000.\0006\0004\000\040\000A\000d\000d\000I\000n\000t\000e\000r\000a\000c\000t\000i\000o\000n\000C\000a\000l\000l\000b\000a\000c\000k\000T\000o\000D\000r\000a\000w\000a\000b\000l\000e\000V\000i\000s\000i\000t\000o\000r\000.\000c\000p\000p}{chapter.9}% 395
\BOOKMARK [1][-]{section.9.65}{\376\377\0009\000.\0006\0005\000\040\000U\000t\000i\000l\000/\000G\000e\000o\000m\000e\000t\000r\000y\000P\000l\000a\000c\000e\000r\000V\000i\000s\000i\000t\000o\000r\000.\000c\000p\000p\000\040\000F\000i\000l\000e\000\040\000R\000e\000f\000e\000r\000e\000n\000c\000e}{chapter.9}% 396
\BOOKMARK [1][-]{section.9.66}{\376\377\0009\000.\0006\0006\000\040\000G\000e\000o\000m\000e\000t\000r\000y\000P\000l\000a\000c\000e\000r\000V\000i\000s\000i\000t\000o\000r\000.\000c\000p\000p}{chapter.9}% 397
\BOOKMARK [1][-]{section.9.67}{\376\377\0009\000.\0006\0007\000\040\000U\000t\000i\000l\000/\000M\000o\000d\000i\000f\000y\000M\000a\000t\000e\000r\000i\000a\000l\000V\000i\000s\000i\000t\000o\000r\000.\000c\000p\000p\000\040\000F\000i\000l\000e\000\040\000R\000e\000f\000e\000r\000e\000n\000c\000e}{chapter.9}% 398
\BOOKMARK [1][-]{section.9.68}{\376\377\0009\000.\0006\0008\000\040\000M\000o\000d\000i\000f\000y\000M\000a\000t\000e\000r\000i\000a\000l\000V\000i\000s\000i\000t\000o\000r\000.\000c\000p\000p}{chapter.9}% 399
\BOOKMARK [1][-]{section.9.69}{\376\377\0009\000.\0006\0009\000\040\000U\000t\000i\000l\000/\000U\000t\000i\000l\000F\000u\000n\000c\000t\000i\000o\000n\000s\000.\000c\000p\000p\000\040\000F\000i\000l\000e\000\040\000R\000e\000f\000e\000r\000e\000n\000c\000e}{chapter.9}% 400
\BOOKMARK [1][-]{section.9.70}{\376\377\0009\000.\0007\0000\000\040\000U\000t\000i\000l\000F\000u\000n\000c\000t\000i\000o\000n\000s\000.\000c\000p\000p}{chapter.9}% 401
